{
  "/Users/mypc/Desktop/node-lab/src/config.ts": {
    "path": "/Users/mypc/Desktop/node-lab/src/config.ts",
    "statementMap": {
      "0": { "start": { "line": 1, "column": 13 }, "end": { "line": 1, "column": 71 } },
      "1": { "start": { "line": 2, "column": 13 }, "end": { "line": 2, "column": 80 } }
    },
    "fnMap": {},
    "branchMap": {},
    "s": { "0": 2, "1": 2 },
    "f": {},
    "b": {}
  },
  "/Users/mypc/Desktop/node-lab/src/controllers/categoryController.ts": {
    "path": "/Users/mypc/Desktop/node-lab/src/controllers/categoryController.ts",
    "statementMap": {
      "0": { "start": { "line": 3, "column": 0 }, "end": { "line": 3, "column": 51 } },
      "1": { "start": { "line": 4, "column": 0 }, "end": { "line": 4, "column": 45 } },
      "2": { "start": { "line": 8, "column": 4 }, "end": { "line": 13, "column": null } },
      "3": { "start": { "line": 9, "column": 23 }, "end": { "line": 9, "column": 69 } },
      "4": { "start": { "line": 10, "column": 6 }, "end": { "line": 10, "column": 37 } },
      "5": { "start": { "line": 12, "column": 6 }, "end": { "line": 12, "column": 14 } },
      "6": { "start": { "line": 17, "column": 4 }, "end": { "line": 26, "column": null } },
      "7": { "start": { "line": 18, "column": 23 }, "end": { "line": 18, "column": 81 } },
      "8": { "start": { "line": 20, "column": 6 }, "end": { "line": 22, "column": null } },
      "9": { "start": { "line": 21, "column": 8 }, "end": { "line": 21, "column": 59 } },
      "10": { "start": { "line": 23, "column": 6 }, "end": { "line": 23, "column": 37 } },
      "11": { "start": { "line": 25, "column": 6 }, "end": { "line": 25, "column": 14 } },
      "12": { "start": { "line": 30, "column": 4 }, "end": { "line": 35, "column": null } },
      "13": { "start": { "line": 31, "column": 23 }, "end": { "line": 31, "column": 87 } },
      "14": { "start": { "line": 32, "column": 6 }, "end": { "line": 32, "column": 37 } },
      "15": { "start": { "line": 34, "column": 6 }, "end": { "line": 34, "column": 14 } },
      "16": { "start": { "line": 39, "column": 0 }, "end": { "line": 39, "column": 40 } }
    },
    "fnMap": {
      "0": {
        "name": "(anonymous_7)",
        "decl": { "start": { "line": 7, "column": 8 }, "end": { "line": 7, "column": 19 } },
        "loc": { "start": { "line": 7, "column": 67 }, "end": { "line": 14, "column": null } }
      },
      "1": {
        "name": "(anonymous_9)",
        "decl": { "start": { "line": 16, "column": 8 }, "end": { "line": 16, "column": 22 } },
        "loc": { "start": { "line": 16, "column": 70 }, "end": { "line": 27, "column": null } }
      },
      "2": {
        "name": "(anonymous_11)",
        "decl": { "start": { "line": 29, "column": 8 }, "end": { "line": 29, "column": 22 } },
        "loc": { "start": { "line": 29, "column": 70 }, "end": { "line": 36, "column": null } }
      }
    },
    "branchMap": {
      "0": {
        "loc": { "start": { "line": 20, "column": 6 }, "end": { "line": 22, "column": null } },
        "type": "if",
        "locations": [{ "start": { "line": 20, "column": 6 }, "end": { "line": 22, "column": null } }]
      }
    },
    "s": {
      "0": 1,
      "1": 1,
      "2": 1,
      "3": 1,
      "4": 1,
      "5": 0,
      "6": 2,
      "7": 2,
      "8": 2,
      "9": 1,
      "10": 1,
      "11": 1,
      "12": 1,
      "13": 1,
      "14": 1,
      "15": 0,
      "16": 1
    },
    "f": { "0": 1, "1": 2, "2": 1 },
    "b": { "0": [1] }
  },
  "/Users/mypc/Desktop/node-lab/src/controllers/index.ts": {
    "path": "/Users/mypc/Desktop/node-lab/src/controllers/index.ts",
    "statementMap": {
      "0": { "start": { "line": 1, "column": 0 }, "end": { "line": 1, "column": 7 } },
      "1": { "start": { "line": 6, "column": 9 }, "end": { "line": 1, "column": 52 } },
      "2": { "start": { "line": 2, "column": 0 }, "end": { "line": 2, "column": 7 } },
      "3": { "start": { "line": 6, "column": 28 }, "end": { "line": 2, "column": 56 } },
      "4": { "start": { "line": 3, "column": 0 }, "end": { "line": 3, "column": 7 } },
      "5": { "start": { "line": 6, "column": 49 }, "end": { "line": 3, "column": 54 } },
      "6": { "start": { "line": 4, "column": 0 }, "end": { "line": 4, "column": 7 } },
      "7": { "start": { "line": 6, "column": 69 }, "end": { "line": 4, "column": 66 } }
    },
    "fnMap": {},
    "branchMap": {},
    "s": { "0": 1, "1": 1, "2": 1, "3": 1, "4": 1, "5": 1, "6": 1, "7": 1 },
    "f": {},
    "b": {}
  },
  "/Users/mypc/Desktop/node-lab/src/controllers/orderListController.ts": {
    "path": "/Users/mypc/Desktop/node-lab/src/controllers/orderListController.ts",
    "statementMap": {
      "0": { "start": { "line": 3, "column": 0 }, "end": { "line": 3, "column": 45 } },
      "1": { "start": { "line": 4, "column": 0 }, "end": { "line": 4, "column": 53 } },
      "2": { "start": { "line": 5, "column": 0 }, "end": { "line": 5, "column": 76 } },
      "3": { "start": { "line": 9, "column": 4 }, "end": { "line": 52, "column": null } },
      "4": { "start": { "line": 10, "column": 21 }, "end": { "line": 10, "column": 42 } },
      "5": { "start": { "line": 11, "column": 6 }, "end": { "line": 13, "column": null } },
      "6": { "start": { "line": 12, "column": 8 }, "end": { "line": 12, "column": 110 } },
      "7": { "start": { "line": 14, "column": 19 }, "end": { "line": 14, "column": 34 } },
      "8": { "start": { "line": 15, "column": 23 }, "end": { "line": 15, "column": 40 } },
      "9": { "start": { "line": 18, "column": 20 }, "end": { "line": 18, "column": 75 } },
      "10": { "start": { "line": 20, "column": 6 }, "end": { "line": 47, "column": null } },
      "11": { "start": { "line": 21, "column": 27 }, "end": { "line": 21, "column": 29 } },
      "12": { "start": { "line": 23, "column": 8 }, "end": { "line": 29, "column": null } },
      "13": { "start": { "line": 24, "column": 28 }, "end": { "line": 26, "column": null } },
      "14": { "start": { "line": 28, "column": 10 }, "end": { "line": 28, "column": 41 } },
      "15": { "start": { "line": 30, "column": 8 }, "end": { "line": 30, "column": 84 } },
      "16": { "start": { "line": 32, "column": 22 }, "end": { "line": 32, "column": 72 } },
      "17": { "start": { "line": 33, "column": 8 }, "end": { "line": 46, "column": null } },
      "18": { "start": { "line": 34, "column": 34 }, "end": { "line": 37, "column": 12 } },
      "19": { "start": { "line": 35, "column": 12 }, "end": { "line": 35, "column": 44 } },
      "20": { "start": { "line": 36, "column": 12 }, "end": { "line": 36, "column": 27 } },
      "21": { "start": { "line": 39, "column": 29 }, "end": { "line": 39, "column": 86 } },
      "22": { "start": { "line": 41, "column": 29 }, "end": { "line": 43, "column": 12 } },
      "23": { "start": { "line": 42, "column": 12 }, "end": { "line": 42, "column": 31 } },
      "24": { "start": { "line": 45, "column": 10 }, "end": { "line": 45, "column": 86 } },
      "25": { "start": { "line": 49, "column": 6 }, "end": { "line": 49, "column": 37 } },
      "26": { "start": { "line": 51, "column": 6 }, "end": { "line": 51, "column": 21 } },
      "27": { "start": { "line": 56, "column": 4 }, "end": { "line": 75, "column": null } },
      "28": { "start": { "line": 57, "column": 21 }, "end": { "line": 57, "column": 42 } },
      "29": { "start": { "line": 58, "column": 6 }, "end": { "line": 60, "column": null } },
      "30": { "start": { "line": 59, "column": 8 }, "end": { "line": 59, "column": 110 } },
      "31": { "start": { "line": 61, "column": 19 }, "end": { "line": 61, "column": 34 } },
      "32": { "start": { "line": 62, "column": 23 }, "end": { "line": 62, "column": 40 } },
      "33": { "start": { "line": 65, "column": 20 }, "end": { "line": 65, "column": 75 } },
      "34": { "start": { "line": 67, "column": 6 }, "end": { "line": 71, "column": null } },
      "35": { "start": { "line": 68, "column": 8 }, "end": { "line": 68, "column": 80 } },
      "36": { "start": { "line": 70, "column": 8 }, "end": { "line": 70, "column": 57 } },
      "37": { "start": { "line": 72, "column": 6 }, "end": { "line": 72, "column": 37 } },
      "38": { "start": { "line": 74, "column": 6 }, "end": { "line": 74, "column": 14 } },
      "39": { "start": { "line": 79, "column": 4 }, "end": { "line": 94, "column": null } },
      "40": { "start": { "line": 80, "column": 19 }, "end": { "line": 80, "column": 34 } },
      "41": { "start": { "line": 82, "column": 20 }, "end": { "line": 82, "column": 75 } },
      "42": { "start": { "line": 84, "column": 6 }, "end": { "line": 89, "column": null } },
      "43": { "start": { "line": 85, "column": 8 }, "end": { "line": 85, "column": 62 } },
      "44": { "start": { "line": 86, "column": 8 }, "end": { "line": 86, "column": 61 } },
      "45": { "start": { "line": 88, "column": 8 }, "end": { "line": 88, "column": 61 } },
      "46": { "start": { "line": 91, "column": 6 }, "end": { "line": 91, "column": 34 } },
      "47": { "start": { "line": 93, "column": 6 }, "end": { "line": 93, "column": 14 } },
      "48": { "start": { "line": 98, "column": 0 }, "end": { "line": 98, "column": 41 } }
    },
    "fnMap": {
      "0": {
        "name": "(anonymous_7)",
        "decl": { "start": { "line": 8, "column": 8 }, "end": { "line": 8, "column": 25 } },
        "loc": { "start": { "line": 8, "column": 73 }, "end": { "line": 53, "column": null } }
      },
      "1": {
        "name": "(anonymous_9)",
        "decl": { "start": { "line": 34, "column": 47 }, "end": { "line": 34, "column": 48 } },
        "loc": { "start": { "line": 34, "column": 64 }, "end": { "line": 37, "column": 11 } }
      },
      "2": {
        "name": "(anonymous_10)",
        "decl": { "start": { "line": 41, "column": 44 }, "end": { "line": 41, "column": 45 } },
        "loc": { "start": { "line": 41, "column": 56 }, "end": { "line": 43, "column": 11 } }
      },
      "3": {
        "name": "(anonymous_11)",
        "decl": { "start": { "line": 55, "column": 8 }, "end": { "line": 55, "column": 19 } },
        "loc": { "start": { "line": 55, "column": 67 }, "end": { "line": 76, "column": null } }
      },
      "4": {
        "name": "(anonymous_13)",
        "decl": { "start": { "line": 78, "column": 8 }, "end": { "line": 78, "column": 23 } },
        "loc": { "start": { "line": 78, "column": 71 }, "end": { "line": 95, "column": null } }
      }
    },
    "branchMap": {
      "0": {
        "loc": { "start": { "line": 11, "column": 6 }, "end": { "line": 13, "column": null } },
        "type": "if",
        "locations": [{ "start": { "line": 11, "column": 6 }, "end": { "line": 13, "column": null } }]
      },
      "1": {
        "loc": { "start": { "line": 20, "column": 6 }, "end": { "line": 47, "column": null } },
        "type": "if",
        "locations": [
          { "start": { "line": 20, "column": 6 }, "end": { "line": 47, "column": null } },
          { "start": { "line": 31, "column": 13 }, "end": { "line": 47, "column": null } }
        ]
      },
      "2": {
        "loc": { "start": { "line": 33, "column": 8 }, "end": { "line": 46, "column": null } },
        "type": "if",
        "locations": [{ "start": { "line": 33, "column": 8 }, "end": { "line": 46, "column": null } }]
      },
      "3": {
        "loc": { "start": { "line": 58, "column": 6 }, "end": { "line": 60, "column": null } },
        "type": "if",
        "locations": [{ "start": { "line": 58, "column": 6 }, "end": { "line": 60, "column": null } }]
      },
      "4": {
        "loc": { "start": { "line": 67, "column": 6 }, "end": { "line": 71, "column": null } },
        "type": "if",
        "locations": [
          { "start": { "line": 67, "column": 6 }, "end": { "line": 71, "column": null } },
          { "start": { "line": 69, "column": 13 }, "end": { "line": 71, "column": null } }
        ]
      },
      "5": {
        "loc": { "start": { "line": 84, "column": 6 }, "end": { "line": 89, "column": null } },
        "type": "if",
        "locations": [
          { "start": { "line": 84, "column": 6 }, "end": { "line": 89, "column": null } },
          { "start": { "line": 87, "column": 13 }, "end": { "line": 89, "column": null } }
        ]
      }
    },
    "s": {
      "0": 1,
      "1": 1,
      "2": 1,
      "3": 0,
      "4": 0,
      "5": 0,
      "6": 0,
      "7": 0,
      "8": 0,
      "9": 0,
      "10": 0,
      "11": 0,
      "12": 0,
      "13": 0,
      "14": 0,
      "15": 0,
      "16": 0,
      "17": 0,
      "18": 0,
      "19": 0,
      "20": 0,
      "21": 0,
      "22": 0,
      "23": 0,
      "24": 0,
      "25": 0,
      "26": 0,
      "27": 0,
      "28": 0,
      "29": 0,
      "30": 0,
      "31": 0,
      "32": 0,
      "33": 0,
      "34": 0,
      "35": 0,
      "36": 0,
      "37": 0,
      "38": 0,
      "39": 0,
      "40": 0,
      "41": 0,
      "42": 0,
      "43": 0,
      "44": 0,
      "45": 0,
      "46": 0,
      "47": 0,
      "48": 1
    },
    "f": { "0": 0, "1": 0, "2": 0, "3": 0, "4": 0 },
    "b": { "0": [0], "1": [0, 0], "2": [0], "3": [0], "4": [0, 0], "5": [0, 0] }
  },
  "/Users/mypc/Desktop/node-lab/src/controllers/productController.ts": {
    "path": "/Users/mypc/Desktop/node-lab/src/controllers/productController.ts",
    "statementMap": {
      "0": { "start": { "line": 3, "column": 0 }, "end": { "line": 3, "column": 50 } },
      "1": { "start": { "line": 4, "column": 0 }, "end": { "line": 4, "column": 31 } },
      "2": { "start": { "line": 5, "column": 0 }, "end": { "line": 5, "column": 50 } },
      "3": { "start": { "line": 6, "column": 0 }, "end": { "line": 6, "column": 45 } },
      "4": { "start": { "line": 7, "column": 0 }, "end": { "line": 7, "column": 53 } },
      "5": { "start": { "line": 13, "column": 4 }, "end": { "line": 60, "column": null } },
      "6": { "start": { "line": 14, "column": 21 }, "end": { "line": 14, "column": 42 } },
      "7": { "start": { "line": 15, "column": 6 }, "end": { "line": 17, "column": null } },
      "8": { "start": { "line": 16, "column": 8 }, "end": { "line": 16, "column": 110 } },
      "9": { "start": { "line": 19, "column": 20 }, "end": { "line": 19, "column": 66 } },
      "10": { "start": { "line": 20, "column": 19 }, "end": { "line": 20, "column": 59 } },
      "11": { "start": { "line": 22, "column": 6 }, "end": { "line": 57, "column": null } },
      "12": { "start": { "line": 23, "column": 29 }, "end": { "line": 23, "column": 82 } },
      "13": { "start": { "line": 25, "column": 24 }, "end": { "line": 25, "column": 26 } },
      "14": { "start": { "line": 27, "column": 8 }, "end": { "line": 49, "column": null } },
      "15": { "start": { "line": 28, "column": 33 }, "end": { "line": 28, "column": 59 } },
      "16": { "start": { "line": 29, "column": 10 }, "end": { "line": 29, "column": 42 } },
      "17": { "start": { "line": 30, "column": 33 }, "end": { "line": 30, "column": 38 } },
      "18": { "start": { "line": 31, "column": 10 }, "end": { "line": 39, "column": 13 } },
      "19": { "start": { "line": 32, "column": 12 }, "end": { "line": 37, "column": null } },
      "20": { "start": { "line": 33, "column": 14 }, "end": { "line": 33, "column": 29 } },
      "21": { "start": { "line": 34, "column": 14 }, "end": { "line": 34, "column": 47 } },
      "22": { "start": { "line": 35, "column": 14 }, "end": { "line": 35, "column": 44 } },
      "23": { "start": { "line": 36, "column": 14 }, "end": { "line": 36, "column": 28 } },
      "24": { "start": { "line": 38, "column": 12 }, "end": { "line": 38, "column": 26 } },
      "25": { "start": { "line": 40, "column": 10 }, "end": { "line": 46, "column": null } },
      "26": { "start": { "line": 41, "column": 12 }, "end": { "line": 45, "column": 15 } },
      "27": { "start": { "line": 48, "column": 10 }, "end": { "line": 48, "column": 60 } },
      "28": { "start": { "line": 51, "column": 27 }, "end": { "line": 51, "column": 108 } },
      "29": { "start": { "line": 54, "column": 8 }, "end": { "line": 54, "column": 41 } },
      "30": { "start": { "line": 56, "column": 8 }, "end": { "line": 56, "column": 47 } },
      "31": { "start": { "line": 59, "column": 6 }, "end": { "line": 59, "column": 21 } },
      "32": { "start": { "line": 64, "column": 4 }, "end": { "line": 74, "column": null } },
      "33": { "start": { "line": 65, "column": 20 }, "end": { "line": 65, "column": 66 } },
      "34": { "start": { "line": 66, "column": 19 }, "end": { "line": 66, "column": 59 } },
      "35": { "start": { "line": 68, "column": 6 }, "end": { "line": 71, "column": null } },
      "36": { "start": { "line": 69, "column": 8 }, "end": { "line": 69, "column": 80 } },
      "37": { "start": { "line": 70, "column": 8 }, "end": { "line": 70, "column": 40 } },
      "38": { "start": { "line": 73, "column": 6 }, "end": { "line": 73, "column": 21 } },
      "39": { "start": { "line": 78, "column": 4 }, "end": { "line": 83, "column": null } },
      "40": { "start": { "line": 79, "column": 22 }, "end": { "line": 79, "column": 75 } },
      "41": { "start": { "line": 80, "column": 6 }, "end": { "line": 80, "column": 36 } },
      "42": { "start": { "line": 82, "column": 6 }, "end": { "line": 82, "column": 21 } },
      "43": { "start": { "line": 87, "column": 4 }, "end": { "line": 92, "column": null } },
      "44": { "start": { "line": 88, "column": 22 }, "end": { "line": 88, "column": 66 } },
      "45": { "start": { "line": 89, "column": 6 }, "end": { "line": 89, "column": 36 } },
      "46": { "start": { "line": 91, "column": 6 }, "end": { "line": 91, "column": 14 } },
      "47": { "start": { "line": 96, "column": 4 }, "end": { "line": 105, "column": null } },
      "48": { "start": { "line": 97, "column": 22 }, "end": { "line": 97, "column": 78 } },
      "49": { "start": { "line": 99, "column": 6 }, "end": { "line": 101, "column": null } },
      "50": { "start": { "line": 100, "column": 8 }, "end": { "line": 100, "column": 58 } },
      "51": { "start": { "line": 102, "column": 6 }, "end": { "line": 102, "column": 36 } },
      "52": { "start": { "line": 104, "column": 6 }, "end": { "line": 104, "column": 14 } },
      "53": { "start": { "line": 109, "column": 4 }, "end": { "line": 114, "column": null } },
      "54": { "start": { "line": 110, "column": 22 }, "end": { "line": 110, "column": 84 } },
      "55": { "start": { "line": 111, "column": 6 }, "end": { "line": 111, "column": 36 } },
      "56": { "start": { "line": 113, "column": 6 }, "end": { "line": 113, "column": 14 } },
      "57": { "start": { "line": 118, "column": 0 }, "end": { "line": 118, "column": 39 } }
    },
    "fnMap": {
      "0": {
        "name": "(anonymous_8)",
        "decl": { "start": { "line": 12, "column": 8 }, "end": { "line": 12, "column": 19 } },
        "loc": { "start": { "line": 12, "column": 67 }, "end": { "line": 61, "column": null } }
      },
      "1": {
        "name": "(anonymous_10)",
        "decl": { "start": { "line": 31, "column": 22 }, "end": { "line": 31, "column": 23 } },
        "loc": { "start": { "line": 31, "column": 33 }, "end": { "line": 39, "column": 11 } }
      },
      "2": {
        "name": "(anonymous_11)",
        "decl": { "start": { "line": 63, "column": 8 }, "end": { "line": 63, "column": 20 } },
        "loc": { "start": { "line": 63, "column": 68 }, "end": { "line": 75, "column": null } }
      },
      "3": {
        "name": "(anonymous_13)",
        "decl": { "start": { "line": 77, "column": 8 }, "end": { "line": 77, "column": 22 } },
        "loc": { "start": { "line": 77, "column": 70 }, "end": { "line": 84, "column": null } }
      },
      "4": {
        "name": "(anonymous_15)",
        "decl": { "start": { "line": 86, "column": 8 }, "end": { "line": 86, "column": 18 } },
        "loc": { "start": { "line": 86, "column": 66 }, "end": { "line": 93, "column": null } }
      },
      "5": {
        "name": "(anonymous_17)",
        "decl": { "start": { "line": 95, "column": 8 }, "end": { "line": 95, "column": 21 } },
        "loc": { "start": { "line": 95, "column": 69 }, "end": { "line": 106, "column": null } }
      },
      "6": {
        "name": "(anonymous_19)",
        "decl": { "start": { "line": 108, "column": 8 }, "end": { "line": 108, "column": 21 } },
        "loc": { "start": { "line": 108, "column": 69 }, "end": { "line": 115, "column": null } }
      }
    },
    "branchMap": {
      "0": {
        "loc": { "start": { "line": 15, "column": 6 }, "end": { "line": 17, "column": null } },
        "type": "if",
        "locations": [{ "start": { "line": 15, "column": 6 }, "end": { "line": 17, "column": null } }]
      },
      "1": {
        "loc": { "start": { "line": 19, "column": 20 }, "end": { "line": 19, "column": 66 } },
        "type": "binary-expr",
        "locations": [
          { "start": { "line": 19, "column": 20 }, "end": { "line": 19, "column": 60 } },
          { "start": { "line": 19, "column": 64 }, "end": { "line": 19, "column": 66 } }
        ]
      },
      "2": {
        "loc": { "start": { "line": 19, "column": 20 }, "end": { "line": 19, "column": 60 } },
        "type": "cond-expr",
        "locations": [
          { "start": { "line": 19, "column": 45 }, "end": { "line": 19, "column": 47 } },
          { "start": { "line": 19, "column": 45 }, "end": { "line": 19, "column": 60 } }
        ]
      },
      "3": {
        "loc": { "start": { "line": 19, "column": 20 }, "end": { "line": 19, "column": 47 } },
        "type": "binary-expr",
        "locations": [
          { "start": { "line": 19, "column": 20 }, "end": { "line": 19, "column": 47 } },
          { "start": { "line": 19, "column": 45 }, "end": { "line": 19, "column": 47 } }
        ]
      },
      "4": {
        "loc": { "start": { "line": 22, "column": 6 }, "end": { "line": 57, "column": null } },
        "type": "if",
        "locations": [
          { "start": { "line": 22, "column": 6 }, "end": { "line": 57, "column": null } },
          { "start": { "line": 55, "column": 13 }, "end": { "line": 57, "column": null } }
        ]
      },
      "5": {
        "loc": { "start": { "line": 27, "column": 8 }, "end": { "line": 49, "column": null } },
        "type": "if",
        "locations": [
          { "start": { "line": 27, "column": 8 }, "end": { "line": 49, "column": null } },
          { "start": { "line": 47, "column": 15 }, "end": { "line": 49, "column": null } }
        ]
      },
      "6": {
        "loc": { "start": { "line": 28, "column": 33 }, "end": { "line": 28, "column": 59 } },
        "type": "binary-expr",
        "locations": [
          { "start": { "line": 28, "column": 33 }, "end": { "line": 28, "column": 53 } },
          { "start": { "line": 28, "column": 57 }, "end": { "line": 28, "column": 59 } }
        ]
      },
      "7": {
        "loc": { "start": { "line": 32, "column": 12 }, "end": { "line": 37, "column": null } },
        "type": "if",
        "locations": [{ "start": { "line": 32, "column": 12 }, "end": { "line": 37, "column": null } }]
      },
      "8": {
        "loc": { "start": { "line": 40, "column": 10 }, "end": { "line": 46, "column": null } },
        "type": "if",
        "locations": [{ "start": { "line": 40, "column": 10 }, "end": { "line": 46, "column": null } }]
      },
      "9": {
        "loc": { "start": { "line": 65, "column": 20 }, "end": { "line": 65, "column": 66 } },
        "type": "binary-expr",
        "locations": [
          { "start": { "line": 65, "column": 20 }, "end": { "line": 65, "column": 60 } },
          { "start": { "line": 65, "column": 64 }, "end": { "line": 65, "column": 66 } }
        ]
      },
      "10": {
        "loc": { "start": { "line": 65, "column": 20 }, "end": { "line": 65, "column": 60 } },
        "type": "cond-expr",
        "locations": [
          { "start": { "line": 65, "column": 45 }, "end": { "line": 65, "column": 47 } },
          { "start": { "line": 65, "column": 45 }, "end": { "line": 65, "column": 60 } }
        ]
      },
      "11": {
        "loc": { "start": { "line": 65, "column": 20 }, "end": { "line": 65, "column": 47 } },
        "type": "binary-expr",
        "locations": [
          { "start": { "line": 65, "column": 20 }, "end": { "line": 65, "column": 47 } },
          { "start": { "line": 65, "column": 45 }, "end": { "line": 65, "column": 47 } }
        ]
      },
      "12": {
        "loc": { "start": { "line": 68, "column": 6 }, "end": { "line": 71, "column": null } },
        "type": "if",
        "locations": [{ "start": { "line": 68, "column": 6 }, "end": { "line": 71, "column": null } }]
      },
      "13": {
        "loc": { "start": { "line": 99, "column": 6 }, "end": { "line": 101, "column": null } },
        "type": "if",
        "locations": [{ "start": { "line": 99, "column": 6 }, "end": { "line": 101, "column": null } }]
      }
    },
    "s": {
      "0": 1,
      "1": 1,
      "2": 1,
      "3": 1,
      "4": 1,
      "5": 1,
      "6": 1,
      "7": 1,
      "8": 0,
      "9": 1,
      "10": 1,
      "11": 1,
      "12": 1,
      "13": 1,
      "14": 1,
      "15": 1,
      "16": 1,
      "17": 1,
      "18": 1,
      "19": 0,
      "20": 0,
      "21": 0,
      "22": 0,
      "23": 0,
      "24": 0,
      "25": 1,
      "26": 1,
      "27": 0,
      "28": 1,
      "29": 1,
      "30": 0,
      "31": 0,
      "32": 0,
      "33": 0,
      "34": 0,
      "35": 0,
      "36": 0,
      "37": 0,
      "38": 0,
      "39": 2,
      "40": 2,
      "41": 1,
      "42": 1,
      "43": 1,
      "44": 1,
      "45": 1,
      "46": 0,
      "47": 2,
      "48": 2,
      "49": 2,
      "50": 1,
      "51": 1,
      "52": 1,
      "53": 1,
      "54": 1,
      "55": 1,
      "56": 0,
      "57": 1
    },
    "f": { "0": 1, "1": 0, "2": 0, "3": 2, "4": 1, "5": 2, "6": 1 },
    "b": {
      "0": [0],
      "1": [1, 0],
      "2": [0, 1],
      "3": [1, 1],
      "4": [1, 0],
      "5": [1, 0],
      "6": [1, 0],
      "7": [0],
      "8": [1],
      "9": [0, 0],
      "10": [0, 0],
      "11": [0, 0],
      "12": [0],
      "13": [1]
    }
  },
  "/Users/mypc/Desktop/node-lab/src/controllers/productRatingsController.ts": {
    "path": "/Users/mypc/Desktop/node-lab/src/controllers/productRatingsController.ts",
    "statementMap": {
      "0": { "start": { "line": 3, "column": 0 }, "end": { "line": 3, "column": 57 } },
      "1": { "start": { "line": 7, "column": 20 }, "end": { "line": 7, "column": 69 } },
      "2": { "start": { "line": 9, "column": 4 }, "end": { "line": 9, "column": 34 } },
      "3": { "start": { "line": 13, "column": 4 }, "end": { "line": 13, "column": 51 } },
      "4": { "start": { "line": 17, "column": 0 }, "end": { "line": 17, "column": 46 } }
    },
    "fnMap": {
      "0": {
        "name": "(anonymous_7)",
        "decl": { "start": { "line": 6, "column": 8 }, "end": { "line": 6, "column": 24 } },
        "loc": { "start": { "line": 6, "column": 72 }, "end": { "line": 10, "column": null } }
      },
      "1": {
        "name": "(anonymous_9)",
        "decl": { "start": { "line": 12, "column": 8 }, "end": { "line": 12, "column": 21 } },
        "loc": { "start": { "line": 12, "column": 21 }, "end": { "line": 14, "column": null } }
      }
    },
    "branchMap": {},
    "s": { "0": 1, "1": 0, "2": 0, "3": 0, "4": 1 },
    "f": { "0": 0, "1": 0 },
    "b": {}
  },
  "/Users/mypc/Desktop/node-lab/src/db/postgresql.ts": {
    "path": "/Users/mypc/Desktop/node-lab/src/db/postgresql.ts",
    "statementMap": {
      "0": { "start": { "line": 1, "column": 0 }, "end": { "line": 1, "column": 26 } },
      "1": { "start": { "line": 2, "column": 0 }, "end": { "line": 2, "column": 37 } },
      "2": { "start": { "line": 3, "column": 0 }, "end": { "line": 3, "column": null } },
      "3": { "start": { "line": 14, "column": 13 }, "end": { "line": 22, "column": 3 } }
    },
    "fnMap": {},
    "branchMap": {},
    "s": { "0": 2, "1": 2, "2": 2, "3": 2 },
    "f": {},
    "b": {}
  },
  "/Users/mypc/Desktop/node-lab/src/entity/Category.ts": {
    "path": "/Users/mypc/Desktop/node-lab/src/entity/Category.ts",
    "statementMap": {
      "0": { "start": { "line": 1, "column": 0 }, "end": { "line": 1, "column": 95 } },
      "1": { "start": { "line": 2, "column": 0 }, "end": { "line": 2, "column": 39 } },
      "2": { "start": { "line": 5, "column": 0 }, "end": { "line": 17, "column": null } },
      "3": { "start": { "line": 7, "column": 2 }, "end": { "line": 7, "column": null } },
      "4": { "start": { "line": 10, "column": 2 }, "end": { "line": 10, "column": null } },
      "5": { "start": { "line": 13, "column": 2 }, "end": { "line": 13, "column": null } },
      "6": { "start": { "line": 16, "column": 2 }, "end": { "line": 16, "column": null } },
      "7": { "start": { "line": 15, "column": 20 }, "end": { "line": 15, "column": 30 } },
      "8": { "start": { "line": 15, "column": 45 }, "end": { "line": 15, "column": 63 } },
      "9": { "start": { "line": 5, "column": 13 }, "end": { "line": 17, "column": null } },
      "10": { "start": { "line": 5, "column": 13 }, "end": { "line": 5, "column": 24 } }
    },
    "fnMap": {
      "0": {
        "name": "(anonymous_2)",
        "decl": { "start": { "line": 15, "column": 14 }, "end": { "line": 15, "column": 17 } },
        "loc": { "start": { "line": 15, "column": 20 }, "end": { "line": 15, "column": 30 } }
      },
      "1": {
        "name": "(anonymous_3)",
        "decl": { "start": { "line": 15, "column": 32 }, "end": { "line": 15, "column": 33 } },
        "loc": { "start": { "line": 15, "column": 45 }, "end": { "line": 15, "column": 63 } }
      }
    },
    "branchMap": {},
    "s": { "0": 2, "1": 2, "2": 2, "3": 2, "4": 2, "5": 2, "6": 2, "7": 0, "8": 0, "9": 2, "10": 2 },
    "f": { "0": 0, "1": 0 },
    "b": {}
  },
  "/Users/mypc/Desktop/node-lab/src/entity/LastRatings.ts": {
    "path": "/Users/mypc/Desktop/node-lab/src/entity/LastRatings.ts",
    "statementMap": {
      "0": { "start": { "line": 1, "column": 0 }, "end": { "line": 1, "column": 94 } },
      "1": { "start": { "line": 2, "column": 0 }, "end": { "line": 2, "column": 31 } },
      "2": { "start": { "line": 3, "column": 0 }, "end": { "line": 3, "column": 33 } },
      "3": { "start": { "line": 6, "column": 0 }, "end": { "line": 21, "column": null } },
      "4": { "start": { "line": 8, "column": 2 }, "end": { "line": 8, "column": null } },
      "5": { "start": { "line": 11, "column": 2 }, "end": { "line": 11, "column": null } },
      "6": { "start": { "line": 10, "column": 19 }, "end": { "line": 10, "column": 26 } },
      "7": { "start": { "line": 10, "column": 38 }, "end": { "line": 10, "column": 50 } },
      "8": { "start": { "line": 14, "column": 2 }, "end": { "line": 14, "column": null } },
      "9": { "start": { "line": 13, "column": 19 }, "end": { "line": 13, "column": 29 } },
      "10": { "start": { "line": 13, "column": 44 }, "end": { "line": 13, "column": 59 } },
      "11": { "start": { "line": 17, "column": 2 }, "end": { "line": 17, "column": null } },
      "12": { "start": { "line": 20, "column": 2 }, "end": { "line": 20, "column": null } },
      "13": { "start": { "line": 6, "column": 13 }, "end": { "line": 21, "column": null } },
      "14": { "start": { "line": 6, "column": 13 }, "end": { "line": 6, "column": 26 } }
    },
    "fnMap": {
      "0": {
        "name": "(anonymous_2)",
        "decl": { "start": { "line": 10, "column": 13 }, "end": { "line": 10, "column": 16 } },
        "loc": { "start": { "line": 10, "column": 19 }, "end": { "line": 10, "column": 26 } }
      },
      "1": {
        "name": "(anonymous_3)",
        "decl": { "start": { "line": 10, "column": 28 }, "end": { "line": 10, "column": 29 } },
        "loc": { "start": { "line": 10, "column": 38 }, "end": { "line": 10, "column": 50 } }
      },
      "2": {
        "name": "(anonymous_4)",
        "decl": { "start": { "line": 13, "column": 13 }, "end": { "line": 13, "column": 16 } },
        "loc": { "start": { "line": 13, "column": 19 }, "end": { "line": 13, "column": 29 } }
      },
      "3": {
        "name": "(anonymous_5)",
        "decl": { "start": { "line": 13, "column": 31 }, "end": { "line": 13, "column": 32 } },
        "loc": { "start": { "line": 13, "column": 44 }, "end": { "line": 13, "column": 59 } }
      }
    },
    "branchMap": {},
    "s": {
      "0": 2,
      "1": 2,
      "2": 2,
      "3": 2,
      "4": 2,
      "5": 2,
      "6": 0,
      "7": 0,
      "8": 2,
      "9": 0,
      "10": 0,
      "11": 2,
      "12": 2,
      "13": 2,
      "14": 2
    },
    "f": { "0": 0, "1": 0, "2": 0, "3": 0 },
    "b": {}
  },
  "/Users/mypc/Desktop/node-lab/src/entity/OrderList.ts": {
    "path": "/Users/mypc/Desktop/node-lab/src/entity/OrderList.ts",
    "statementMap": {
      "0": { "start": { "line": 1, "column": 0 }, "end": { "line": 1, "column": 90 } },
      "1": { "start": { "line": 2, "column": 0 }, "end": { "line": 2, "column": 28 } },
      "2": { "start": { "line": 3, "column": 0 }, "end": { "line": 3, "column": 49 } },
      "3": { "start": { "line": 6, "column": 0 }, "end": { "line": 17, "column": null } },
      "4": { "start": { "line": 8, "column": 2 }, "end": { "line": 8, "column": null } },
      "5": { "start": { "line": 12, "column": 2 }, "end": { "line": 12, "column": null } },
      "6": { "start": { "line": 10, "column": 18 }, "end": { "line": 10, "column": 25 } },
      "7": { "start": { "line": 16, "column": 2 }, "end": { "line": 16, "column": null } },
      "8": { "start": { "line": 14, "column": 19 }, "end": { "line": 14, "column": 34 } },
      "9": { "start": { "line": 14, "column": 49 }, "end": { "line": 14, "column": 68 } },
      "10": { "start": { "line": 6, "column": 13 }, "end": { "line": 17, "column": null } },
      "11": { "start": { "line": 6, "column": 13 }, "end": { "line": 6, "column": 25 } }
    },
    "fnMap": {
      "0": {
        "name": "(anonymous_2)",
        "decl": { "start": { "line": 10, "column": 12 }, "end": { "line": 10, "column": 15 } },
        "loc": { "start": { "line": 10, "column": 18 }, "end": { "line": 10, "column": 25 } }
      },
      "1": {
        "name": "(anonymous_3)",
        "decl": { "start": { "line": 14, "column": 13 }, "end": { "line": 14, "column": 16 } },
        "loc": { "start": { "line": 14, "column": 19 }, "end": { "line": 14, "column": 34 } }
      },
      "2": {
        "name": "(anonymous_4)",
        "decl": { "start": { "line": 14, "column": 36 }, "end": { "line": 14, "column": 37 } },
        "loc": { "start": { "line": 14, "column": 49 }, "end": { "line": 14, "column": 68 } }
      }
    },
    "branchMap": {},
    "s": { "0": 2, "1": 2, "2": 2, "3": 2, "4": 2, "5": 2, "6": 0, "7": 2, "8": 0, "9": 0, "10": 2, "11": 2 },
    "f": { "0": 0, "1": 0, "2": 0 },
    "b": {}
  },
  "/Users/mypc/Desktop/node-lab/src/entity/OrderProduct.ts": {
    "path": "/Users/mypc/Desktop/node-lab/src/entity/OrderProduct.ts",
    "statementMap": {
      "0": { "start": { "line": 1, "column": 0 }, "end": { "line": 1, "column": 76 } },
      "1": { "start": { "line": 2, "column": 0 }, "end": { "line": 2, "column": 43 } },
      "2": { "start": { "line": 3, "column": 0 }, "end": { "line": 3, "column": 39 } },
      "3": { "start": { "line": 6, "column": 0 }, "end": { "line": 18, "column": null } },
      "4": { "start": { "line": 8, "column": 2 }, "end": { "line": 8, "column": null } },
      "5": { "start": { "line": 11, "column": 2 }, "end": { "line": 11, "column": null } },
      "6": { "start": { "line": 10, "column": 19 }, "end": { "line": 10, "column": 29 } },
      "7": { "start": { "line": 14, "column": 2 }, "end": { "line": 14, "column": null } },
      "8": { "start": { "line": 13, "column": 19 }, "end": { "line": 13, "column": 31 } },
      "9": { "start": { "line": 13, "column": 48 }, "end": { "line": 13, "column": 66 } },
      "10": { "start": { "line": 17, "column": 2 }, "end": { "line": 17, "column": null } },
      "11": { "start": { "line": 6, "column": 13 }, "end": { "line": 18, "column": null } },
      "12": { "start": { "line": 6, "column": 13 }, "end": { "line": 6, "column": 28 } }
    },
    "fnMap": {
      "0": {
        "name": "(anonymous_2)",
        "decl": { "start": { "line": 10, "column": 13 }, "end": { "line": 10, "column": 16 } },
        "loc": { "start": { "line": 10, "column": 19 }, "end": { "line": 10, "column": 29 } }
      },
      "1": {
        "name": "(anonymous_3)",
        "decl": { "start": { "line": 13, "column": 13 }, "end": { "line": 13, "column": 16 } },
        "loc": { "start": { "line": 13, "column": 19 }, "end": { "line": 13, "column": 31 } }
      },
      "2": {
        "name": "(anonymous_4)",
        "decl": { "start": { "line": 13, "column": 33 }, "end": { "line": 13, "column": 34 } },
        "loc": { "start": { "line": 13, "column": 48 }, "end": { "line": 13, "column": 66 } }
      }
    },
    "branchMap": {},
    "s": { "0": 2, "1": 2, "2": 2, "3": 2, "4": 2, "5": 2, "6": 0, "7": 2, "8": 0, "9": 0, "10": 2, "11": 2, "12": 2 },
    "f": { "0": 0, "1": 0, "2": 0 },
    "b": {}
  },
  "/Users/mypc/Desktop/node-lab/src/entity/Product.ts": {
    "path": "/Users/mypc/Desktop/node-lab/src/entity/Product.ts",
    "statementMap": {
      "0": { "start": { "line": 1, "column": 0 }, "end": { "line": 1, "column": null } },
      "1": { "start": { "line": 11, "column": 0 }, "end": { "line": 11, "column": 48 } },
      "2": { "start": { "line": 14, "column": 0 }, "end": { "line": 38, "column": null } },
      "3": { "start": { "line": 16, "column": 2 }, "end": { "line": 16, "column": null } },
      "4": { "start": { "line": 19, "column": 2 }, "end": { "line": 19, "column": null } },
      "5": { "start": { "line": 22, "column": 2 }, "end": { "line": 22, "column": null } },
      "6": { "start": { "line": 26, "column": 2 }, "end": { "line": 26, "column": null } },
      "7": { "start": { "line": 30, "column": 2 }, "end": { "line": 30, "column": null } },
      "8": { "start": { "line": 34, "column": 2 }, "end": { "line": 34, "column": null } },
      "9": { "start": { "line": 32, "column": 20 }, "end": { "line": 32, "column": 31 } },
      "10": { "start": { "line": 32, "column": 47 }, "end": { "line": 32, "column": 64 } },
      "11": { "start": { "line": 37, "column": 2 }, "end": { "line": 37, "column": null } },
      "12": { "start": { "line": 36, "column": 19 }, "end": { "line": 36, "column": 32 } },
      "13": { "start": { "line": 36, "column": 46 }, "end": { "line": 36, "column": 62 } },
      "14": { "start": { "line": 14, "column": 13 }, "end": { "line": 38, "column": null } },
      "15": { "start": { "line": 14, "column": 13 }, "end": { "line": 14, "column": 23 } }
    },
    "fnMap": {
      "0": {
        "name": "(anonymous_2)",
        "decl": { "start": { "line": 32, "column": 14 }, "end": { "line": 32, "column": 17 } },
        "loc": { "start": { "line": 32, "column": 20 }, "end": { "line": 32, "column": 31 } }
      },
      "1": {
        "name": "(anonymous_3)",
        "decl": { "start": { "line": 32, "column": 33 }, "end": { "line": 32, "column": 34 } },
        "loc": { "start": { "line": 32, "column": 47 }, "end": { "line": 32, "column": 64 } }
      },
      "2": {
        "name": "(anonymous_4)",
        "decl": { "start": { "line": 36, "column": 13 }, "end": { "line": 36, "column": 16 } },
        "loc": { "start": { "line": 36, "column": 19 }, "end": { "line": 36, "column": 32 } }
      },
      "3": {
        "name": "(anonymous_5)",
        "decl": { "start": { "line": 36, "column": 34 }, "end": { "line": 36, "column": 35 } },
        "loc": { "start": { "line": 36, "column": 46 }, "end": { "line": 36, "column": 62 } }
      }
    },
    "branchMap": {},
    "s": {
      "0": 2,
      "1": 2,
      "2": 2,
      "3": 2,
      "4": 2,
      "5": 2,
      "6": 2,
      "7": 2,
      "8": 2,
      "9": 0,
      "10": 0,
      "11": 2,
      "12": 0,
      "13": 0,
      "14": 2,
      "15": 2
    },
    "f": { "0": 0, "1": 0, "2": 0, "3": 0 },
    "b": {}
  },
  "/Users/mypc/Desktop/node-lab/src/entity/Session.ts": {
    "path": "/Users/mypc/Desktop/node-lab/src/entity/Session.ts",
    "statementMap": {
      "0": { "start": { "line": 1, "column": 0 }, "end": { "line": 1, "column": 65 } },
      "1": { "start": { "line": 4, "column": 0 }, "end": { "line": 13, "column": null } },
      "2": { "start": { "line": 6, "column": 2 }, "end": { "line": 6, "column": null } },
      "3": { "start": { "line": 9, "column": 2 }, "end": { "line": 9, "column": null } },
      "4": { "start": { "line": 12, "column": 2 }, "end": { "line": 12, "column": null } },
      "5": { "start": { "line": 4, "column": 13 }, "end": { "line": 13, "column": null } },
      "6": { "start": { "line": 4, "column": 13 }, "end": { "line": 4, "column": 23 } }
    },
    "fnMap": {},
    "branchMap": {},
    "s": { "0": 2, "1": 2, "2": 2, "3": 2, "4": 2, "5": 2, "6": 2 },
    "f": {},
    "b": {}
  },
  "/Users/mypc/Desktop/node-lab/src/entity/User.ts": {
    "path": "/Users/mypc/Desktop/node-lab/src/entity/User.ts",
    "statementMap": {
      "0": { "start": { "line": 1, "column": 0 }, "end": { "line": 1, "column": 76 } },
      "1": { "start": { "line": 2, "column": 0 }, "end": { "line": 2, "column": 35 } },
      "2": { "start": { "line": 5, "column": 0 }, "end": { "line": 26, "column": null } },
      "3": { "start": { "line": 7, "column": 2 }, "end": { "line": 7, "column": null } },
      "4": { "start": { "line": 10, "column": 2 }, "end": { "line": 10, "column": null } },
      "5": { "start": { "line": 13, "column": 2 }, "end": { "line": 13, "column": null } },
      "6": { "start": { "line": 16, "column": 2 }, "end": { "line": 16, "column": null } },
      "7": { "start": { "line": 19, "column": 2 }, "end": { "line": 19, "column": null } },
      "8": { "start": { "line": 22, "column": 2 }, "end": { "line": 22, "column": null } },
      "9": { "start": { "line": 25, "column": 2 }, "end": { "line": 25, "column": null } },
      "10": { "start": { "line": 24, "column": 19 }, "end": { "line": 24, "column": 32 } },
      "11": { "start": { "line": 24, "column": 46 }, "end": { "line": 24, "column": 59 } },
      "12": { "start": { "line": 5, "column": 13 }, "end": { "line": 26, "column": null } },
      "13": { "start": { "line": 5, "column": 13 }, "end": { "line": 5, "column": 20 } }
    },
    "fnMap": {
      "0": {
        "name": "(anonymous_2)",
        "decl": { "start": { "line": 24, "column": 13 }, "end": { "line": 24, "column": 16 } },
        "loc": { "start": { "line": 24, "column": 19 }, "end": { "line": 24, "column": 32 } }
      },
      "1": {
        "name": "(anonymous_3)",
        "decl": { "start": { "line": 24, "column": 34 }, "end": { "line": 24, "column": 35 } },
        "loc": { "start": { "line": 24, "column": 46 }, "end": { "line": 24, "column": 59 } }
      }
    },
    "branchMap": {},
    "s": {
      "0": 2,
      "1": 2,
      "2": 2,
      "3": 2,
      "4": 2,
      "5": 2,
      "6": 2,
      "7": 2,
      "8": 2,
      "9": 2,
      "10": 0,
      "11": 0,
      "12": 2,
      "13": 2
    },
    "f": { "0": 0, "1": 0 },
    "b": {}
  },
  "/Users/mypc/Desktop/node-lab/src/entity/UserRatings.ts": {
    "path": "/Users/mypc/Desktop/node-lab/src/entity/UserRatings.ts",
    "statementMap": {
      "0": { "start": { "line": 1, "column": 0 }, "end": { "line": 1, "column": 94 } },
      "1": { "start": { "line": 2, "column": 0 }, "end": { "line": 2, "column": 32 } },
      "2": { "start": { "line": 3, "column": 0 }, "end": { "line": 3, "column": 33 } },
      "3": { "start": { "line": 6, "column": 0 }, "end": { "line": 21, "column": null } },
      "4": { "start": { "line": 8, "column": 2 }, "end": { "line": 8, "column": null } },
      "5": { "start": { "line": 11, "column": 2 }, "end": { "line": 11, "column": null } },
      "6": { "start": { "line": 10, "column": 19 }, "end": { "line": 10, "column": 26 } },
      "7": { "start": { "line": 10, "column": 38 }, "end": { "line": 10, "column": 50 } },
      "8": { "start": { "line": 14, "column": 2 }, "end": { "line": 14, "column": null } },
      "9": { "start": { "line": 13, "column": 19 }, "end": { "line": 13, "column": 29 } },
      "10": { "start": { "line": 13, "column": 44 }, "end": { "line": 13, "column": 59 } },
      "11": { "start": { "line": 17, "column": 2 }, "end": { "line": 17, "column": null } },
      "12": { "start": { "line": 20, "column": 2 }, "end": { "line": 20, "column": null } },
      "13": { "start": { "line": 6, "column": 13 }, "end": { "line": 21, "column": null } },
      "14": { "start": { "line": 6, "column": 13 }, "end": { "line": 6, "column": 26 } }
    },
    "fnMap": {
      "0": {
        "name": "(anonymous_2)",
        "decl": { "start": { "line": 10, "column": 13 }, "end": { "line": 10, "column": 16 } },
        "loc": { "start": { "line": 10, "column": 19 }, "end": { "line": 10, "column": 26 } }
      },
      "1": {
        "name": "(anonymous_3)",
        "decl": { "start": { "line": 10, "column": 28 }, "end": { "line": 10, "column": 29 } },
        "loc": { "start": { "line": 10, "column": 38 }, "end": { "line": 10, "column": 50 } }
      },
      "2": {
        "name": "(anonymous_4)",
        "decl": { "start": { "line": 13, "column": 13 }, "end": { "line": 13, "column": 16 } },
        "loc": { "start": { "line": 13, "column": 19 }, "end": { "line": 13, "column": 29 } }
      },
      "3": {
        "name": "(anonymous_5)",
        "decl": { "start": { "line": 13, "column": 31 }, "end": { "line": 13, "column": 32 } },
        "loc": { "start": { "line": 13, "column": 44 }, "end": { "line": 13, "column": 59 } }
      }
    },
    "branchMap": {},
    "s": {
      "0": 2,
      "1": 2,
      "2": 2,
      "3": 2,
      "4": 2,
      "5": 2,
      "6": 0,
      "7": 0,
      "8": 2,
      "9": 0,
      "10": 0,
      "11": 2,
      "12": 2,
      "13": 2,
      "14": 2
    },
    "f": { "0": 0, "1": 0, "2": 0, "3": 0 },
    "b": {}
  },
  "/Users/mypc/Desktop/node-lab/src/entity/index.ts": {
    "path": "/Users/mypc/Desktop/node-lab/src/entity/index.ts",
    "statementMap": {
      "0": { "start": { "line": 1, "column": 0 }, "end": { "line": 1, "column": 9 } },
      "1": { "start": { "line": 10, "column": 22 }, "end": { "line": 1, "column": 39 } },
      "2": { "start": { "line": 2, "column": 0 }, "end": { "line": 2, "column": 9 } },
      "3": { "start": { "line": 10, "column": 9 }, "end": { "line": 2, "column": 41 } },
      "4": { "start": { "line": 3, "column": 0 }, "end": { "line": 3, "column": 9 } },
      "5": { "start": { "line": 10, "column": 34 }, "end": { "line": 3, "column": 39 } },
      "6": { "start": { "line": 4, "column": 0 }, "end": { "line": 4, "column": 9 } },
      "7": { "start": { "line": 10, "column": 46 }, "end": { "line": 4, "column": 33 } },
      "8": { "start": { "line": 5, "column": 0 }, "end": { "line": 5, "column": 9 } },
      "9": { "start": { "line": 10, "column": 55 }, "end": { "line": 5, "column": 46 } },
      "10": { "start": { "line": 6, "column": 0 }, "end": { "line": 6, "column": 9 } },
      "11": { "start": { "line": 10, "column": 70 }, "end": { "line": 6, "column": 43 } },
      "12": { "start": { "line": 7, "column": 0 }, "end": { "line": 7, "column": 9 } },
      "13": { "start": { "line": 10, "column": 84 }, "end": { "line": 7, "column": 49 } },
      "14": { "start": { "line": 8, "column": 0 }, "end": { "line": 8, "column": 9 } },
      "15": { "start": { "line": 10, "column": 101 }, "end": { "line": 8, "column": 46 } }
    },
    "fnMap": {
      "0": {
        "name": "(anonymous_0)",
        "decl": { "start": { "line": 10, "column": 22 }, "end": { "line": 10, "column": 32 } },
        "loc": { "start": { "line": 10, "column": 22 }, "end": { "line": 1, "column": 39 } }
      },
      "1": {
        "name": "(anonymous_1)",
        "decl": { "start": { "line": 10, "column": 9 }, "end": { "line": 10, "column": 20 } },
        "loc": { "start": { "line": 10, "column": 9 }, "end": { "line": 2, "column": 41 } }
      },
      "2": {
        "name": "(anonymous_2)",
        "decl": { "start": { "line": 10, "column": 34 }, "end": { "line": 10, "column": 44 } },
        "loc": { "start": { "line": 10, "column": 34 }, "end": { "line": 3, "column": 39 } }
      },
      "3": {
        "name": "(anonymous_3)",
        "decl": { "start": { "line": 10, "column": 46 }, "end": { "line": 10, "column": 53 } },
        "loc": { "start": { "line": 10, "column": 46 }, "end": { "line": 4, "column": 33 } }
      },
      "4": {
        "name": "(anonymous_4)",
        "decl": { "start": { "line": 10, "column": 55 }, "end": { "line": 10, "column": 68 } },
        "loc": { "start": { "line": 10, "column": 55 }, "end": { "line": 5, "column": 46 } }
      },
      "5": {
        "name": "(anonymous_5)",
        "decl": { "start": { "line": 10, "column": 70 }, "end": { "line": 10, "column": 82 } },
        "loc": { "start": { "line": 10, "column": 70 }, "end": { "line": 6, "column": 43 } }
      },
      "6": {
        "name": "(anonymous_6)",
        "decl": { "start": { "line": 10, "column": 84 }, "end": { "line": 10, "column": 99 } },
        "loc": { "start": { "line": 10, "column": 84 }, "end": { "line": 7, "column": 49 } }
      },
      "7": {
        "name": "(anonymous_7)",
        "decl": { "start": { "line": 10, "column": 101 }, "end": { "line": 10, "column": 114 } },
        "loc": { "start": { "line": 10, "column": 101 }, "end": { "line": 8, "column": 46 } }
      }
    },
    "branchMap": {},
    "s": {
      "0": 2,
      "1": 8,
      "2": 2,
      "3": 4,
      "4": 2,
      "5": 4,
      "6": 2,
      "7": 6,
      "8": 2,
      "9": 4,
      "10": 2,
      "11": 4,
      "12": 2,
      "13": 4,
      "14": 2,
      "15": 4
    },
    "f": { "0": 6, "1": 2, "2": 2, "3": 4, "4": 2, "5": 2, "6": 2, "7": 2 },
    "b": {}
  },
  "/Users/mypc/Desktop/node-lab/src/error/apiError.ts": {
    "path": "/Users/mypc/Desktop/node-lab/src/error/apiError.ts",
    "statementMap": {
      "0": { "start": { "line": 4, "column": 4 }, "end": { "line": 4, "column": 19 } },
      "1": { "start": { "line": 5, "column": 4 }, "end": { "line": 5, "column": 27 } },
      "2": { "start": { "line": 6, "column": 4 }, "end": { "line": 6, "column": 33 } },
      "3": { "start": { "line": 1, "column": 0 }, "end": { "line": 1, "column": 13 } }
    },
    "fnMap": {
      "0": {
        "name": "(anonymous_0)",
        "decl": { "start": { "line": 3, "column": 2 }, "end": { "line": 3, "column": 14 } },
        "loc": { "start": { "line": 3, "column": 49 }, "end": { "line": 7, "column": 3 } }
      }
    },
    "branchMap": {},
    "s": { "0": 13, "1": 13, "2": 13, "3": 2 },
    "f": { "0": 13 },
    "b": {}
  },
  "/Users/mypc/Desktop/node-lab/src/helpers/index.ts": {
    "path": "/Users/mypc/Desktop/node-lab/src/helpers/index.ts",
    "statementMap": {
      "0": { "start": { "line": 2, "column": 0 }, "end": { "line": 2, "column": 31 } },
      "1": { "start": { "line": 3, "column": 0 }, "end": { "line": 3, "column": 74 } },
      "2": { "start": { "line": 4, "column": 0 }, "end": { "line": 4, "column": 45 } },
      "3": { "start": { "line": 5, "column": 0 }, "end": { "line": 5, "column": 53 } },
      "4": { "start": { "line": 6, "column": 0 }, "end": { "line": 6, "column": 64 } },
      "5": { "start": { "line": 7, "column": 0 }, "end": { "line": 7, "column": 47 } },
      "6": { "start": { "line": 9, "column": 30 }, "end": { "line": 16, "column": 1 } },
      "7": { "start": { "line": 10, "column": 22 }, "end": { "line": 10, "column": 97 } },
      "8": { "start": { "line": 11, "column": 23 }, "end": { "line": 11, "column": 99 } },
      "9": { "start": { "line": 12, "column": 2 }, "end": { "line": 15, "column": 4 } },
      "10": { "start": { "line": 9, "column": 13 }, "end": { "line": 9, "column": 30 } },
      "11": { "start": { "line": 18, "column": 26 }, "end": { "line": 26, "column": 1 } },
      "12": { "start": { "line": 19, "column": 2 }, "end": { "line": 25, "column": null } },
      "13": { "start": { "line": 20, "column": 4 }, "end": { "line": 20, "column": 38 } },
      "14": { "start": { "line": 21, "column": 17 }, "end": { "line": 21, "column": 57 } },
      "15": { "start": { "line": 22, "column": 4 }, "end": { "line": 22, "column": 16 } },
      "16": { "start": { "line": 24, "column": 4 }, "end": { "line": 24, "column": 50 } },
      "17": { "start": { "line": 18, "column": 13 }, "end": { "line": 18, "column": 26 } },
      "18": { "start": { "line": 28, "column": 36 }, "end": { "line": 33, "column": 1 } },
      "19": { "start": { "line": 29, "column": 16 }, "end": { "line": 29, "column": 62 } },
      "20": { "start": { "line": 30, "column": 15 }, "end": { "line": 30, "column": 55 } },
      "21": { "start": { "line": 31, "column": 2 }, "end": { "line": 31, "column": 25 } },
      "22": { "start": { "line": 32, "column": 2 }, "end": { "line": 32, "column": 9 } },
      "23": { "start": { "line": 28, "column": 13 }, "end": { "line": 28, "column": 36 } },
      "24": { "start": { "line": 35, "column": 37 }, "end": { "line": 46, "column": 1 } },
      "25": { "start": { "line": 36, "column": 16 }, "end": { "line": 36, "column": 62 } },
      "26": { "start": { "line": 37, "column": 15 }, "end": { "line": 37, "column": 55 } },
      "27": { "start": { "line": 39, "column": 2 }, "end": { "line": 43, "column": null } },
      "28": { "start": { "line": 40, "column": 4 }, "end": { "line": 40, "column": 27 } },
      "29": { "start": { "line": 42, "column": 4 }, "end": { "line": 42, "column": 43 } },
      "30": { "start": { "line": 45, "column": 2 }, "end": { "line": 45, "column": 9 } },
      "31": { "start": { "line": 35, "column": 13 }, "end": { "line": 35, "column": 37 } },
      "32": { "start": { "line": 48, "column": 43 }, "end": { "line": 55, "column": 1 } },
      "33": { "start": { "line": 49, "column": 17 }, "end": { "line": 49, "column": 38 } },
      "34": { "start": { "line": 51, "column": 2 }, "end": { "line": 53, "column": null } },
      "35": { "start": { "line": 52, "column": 4 }, "end": { "line": 52, "column": 101 } },
      "36": { "start": { "line": 54, "column": 2 }, "end": { "line": 54, "column": 9 } },
      "37": { "start": { "line": 48, "column": 13 }, "end": { "line": 48, "column": 43 } },
      "38": { "start": { "line": 57, "column": 28 }, "end": { "line": 80, "column": 1 } },
      "39": { "start": { "line": 58, "column": 22 }, "end": { "line": 58, "column": 68 } },
      "40": { "start": { "line": 60, "column": 2 }, "end": { "line": 79, "column": 5 } },
      "41": { "start": { "line": 60, "column": 63 }, "end": { "line": 79, "column": 4 } },
      "42": { "start": { "line": 61, "column": 4 }, "end": { "line": 78, "column": null } },
      "43": { "start": { "line": 62, "column": 26 }, "end": { "line": 62, "column": 59 } },
      "44": { "start": { "line": 63, "column": 22 }, "end": { "line": 63, "column": 87 } },
      "45": { "start": { "line": 65, "column": 6 }, "end": { "line": 74, "column": null } },
      "46": { "start": { "line": 66, "column": 21 }, "end": { "line": 66, "column": 81 } },
      "47": { "start": { "line": 67, "column": 8 }, "end": { "line": 73, "column": null } },
      "48": { "start": { "line": 68, "column": 48 }, "end": { "line": 68, "column": 83 } },
      "49": { "start": { "line": 69, "column": 10 }, "end": { "line": 69, "column": 71 } },
      "50": { "start": { "line": 70, "column": 10 }, "end": { "line": 70, "column": 93 } },
      "51": { "start": { "line": 72, "column": 10 }, "end": { "line": 72, "column": 62 } },
      "52": { "start": { "line": 75, "column": 6 }, "end": { "line": 75, "column": 13 } },
      "53": { "start": { "line": 77, "column": 6 }, "end": { "line": 77, "column": 13 } },
      "54": { "start": { "line": 57, "column": 13 }, "end": { "line": 57, "column": 28 } }
    },
    "fnMap": {
      "0": {
        "name": "(anonymous_8)",
        "decl": { "start": { "line": 9, "column": 30 }, "end": { "line": 9, "column": 31 } },
        "loc": { "start": { "line": 9, "column": 79 }, "end": { "line": 16, "column": 1 } }
      },
      "1": {
        "name": "(anonymous_9)",
        "decl": { "start": { "line": 18, "column": 26 }, "end": { "line": 18, "column": 27 } },
        "loc": { "start": { "line": 18, "column": 56 }, "end": { "line": 26, "column": 1 } }
      },
      "2": {
        "name": "(anonymous_10)",
        "decl": { "start": { "line": 28, "column": 36 }, "end": { "line": 28, "column": 37 } },
        "loc": { "start": { "line": 28, "column": 88 }, "end": { "line": 33, "column": 1 } }
      },
      "3": {
        "name": "(anonymous_11)",
        "decl": { "start": { "line": 35, "column": 37 }, "end": { "line": 35, "column": 38 } },
        "loc": { "start": { "line": 35, "column": 89 }, "end": { "line": 46, "column": 1 } }
      },
      "4": {
        "name": "(anonymous_12)",
        "decl": { "start": { "line": 48, "column": 43 }, "end": { "line": 48, "column": 44 } },
        "loc": { "start": { "line": 48, "column": 95 }, "end": { "line": 55, "column": 1 } }
      },
      "5": {
        "name": "(anonymous_13)",
        "decl": { "start": { "line": 57, "column": 28 }, "end": { "line": 57, "column": 29 } },
        "loc": { "start": { "line": 57, "column": 80 }, "end": { "line": 80, "column": 1 } }
      },
      "6": {
        "name": "(anonymous_14)",
        "decl": { "start": { "line": 60, "column": 49 }, "end": { "line": 60, "column": 56 } },
        "loc": { "start": { "line": 60, "column": 63 }, "end": { "line": 79, "column": 4 } }
      },
      "7": {
        "name": "(anonymous_15)",
        "decl": { "start": { "line": 60, "column": 63 }, "end": { "line": 60, "column": null } },
        "loc": { "start": { "line": 60, "column": 63 }, "end": { "line": 79, "column": 3 } }
      }
    },
    "branchMap": {
      "0": {
        "loc": { "start": { "line": 19, "column": 2 }, "end": { "line": 25, "column": null } },
        "type": "if",
        "locations": [
          { "start": { "line": 19, "column": 2 }, "end": { "line": 25, "column": null } },
          { "start": { "line": 23, "column": 9 }, "end": { "line": 25, "column": null } }
        ]
      },
      "1": {
        "loc": { "start": { "line": 20, "column": 12 }, "end": { "line": 20, "column": 37 } },
        "type": "binary-expr",
        "locations": [
          { "start": { "line": 20, "column": 12 }, "end": { "line": 20, "column": 31 } },
          { "start": { "line": 20, "column": 35 }, "end": { "line": 20, "column": 37 } }
        ]
      },
      "2": {
        "loc": { "start": { "line": 29, "column": 16 }, "end": { "line": 29, "column": 62 } },
        "type": "binary-expr",
        "locations": [
          { "start": { "line": 29, "column": 16 }, "end": { "line": 29, "column": 56 } },
          { "start": { "line": 29, "column": 60 }, "end": { "line": 29, "column": 62 } }
        ]
      },
      "3": {
        "loc": { "start": { "line": 29, "column": 16 }, "end": { "line": 29, "column": 56 } },
        "type": "cond-expr",
        "locations": [
          { "start": { "line": 29, "column": 41 }, "end": { "line": 29, "column": 43 } },
          { "start": { "line": 29, "column": 41 }, "end": { "line": 29, "column": 56 } }
        ]
      },
      "4": {
        "loc": { "start": { "line": 29, "column": 16 }, "end": { "line": 29, "column": 43 } },
        "type": "binary-expr",
        "locations": [
          { "start": { "line": 29, "column": 16 }, "end": { "line": 29, "column": 43 } },
          { "start": { "line": 29, "column": 41 }, "end": { "line": 29, "column": 43 } }
        ]
      },
      "5": {
        "loc": { "start": { "line": 36, "column": 16 }, "end": { "line": 36, "column": 62 } },
        "type": "binary-expr",
        "locations": [
          { "start": { "line": 36, "column": 16 }, "end": { "line": 36, "column": 56 } },
          { "start": { "line": 36, "column": 60 }, "end": { "line": 36, "column": 62 } }
        ]
      },
      "6": {
        "loc": { "start": { "line": 36, "column": 16 }, "end": { "line": 36, "column": 56 } },
        "type": "cond-expr",
        "locations": [
          { "start": { "line": 36, "column": 41 }, "end": { "line": 36, "column": 43 } },
          { "start": { "line": 36, "column": 41 }, "end": { "line": 36, "column": 56 } }
        ]
      },
      "7": {
        "loc": { "start": { "line": 36, "column": 16 }, "end": { "line": 36, "column": 43 } },
        "type": "binary-expr",
        "locations": [
          { "start": { "line": 36, "column": 16 }, "end": { "line": 36, "column": 43 } },
          { "start": { "line": 36, "column": 41 }, "end": { "line": 36, "column": 43 } }
        ]
      },
      "8": {
        "loc": { "start": { "line": 39, "column": 2 }, "end": { "line": 43, "column": null } },
        "type": "if",
        "locations": [
          { "start": { "line": 39, "column": 2 }, "end": { "line": 43, "column": null } },
          { "start": { "line": 41, "column": 9 }, "end": { "line": 43, "column": null } }
        ]
      },
      "9": {
        "loc": { "start": { "line": 51, "column": 2 }, "end": { "line": 53, "column": null } },
        "type": "if",
        "locations": [{ "start": { "line": 51, "column": 2 }, "end": { "line": 53, "column": null } }]
      },
      "10": {
        "loc": { "start": { "line": 58, "column": 22 }, "end": { "line": 58, "column": 68 } },
        "type": "binary-expr",
        "locations": [
          { "start": { "line": 58, "column": 22 }, "end": { "line": 58, "column": 62 } },
          { "start": { "line": 58, "column": 66 }, "end": { "line": 58, "column": 68 } }
        ]
      },
      "11": {
        "loc": { "start": { "line": 58, "column": 22 }, "end": { "line": 58, "column": 62 } },
        "type": "cond-expr",
        "locations": [
          { "start": { "line": 58, "column": 47 }, "end": { "line": 58, "column": 49 } },
          { "start": { "line": 58, "column": 47 }, "end": { "line": 58, "column": 62 } }
        ]
      },
      "12": {
        "loc": { "start": { "line": 58, "column": 22 }, "end": { "line": 58, "column": 49 } },
        "type": "binary-expr",
        "locations": [
          { "start": { "line": 58, "column": 22 }, "end": { "line": 58, "column": 49 } },
          { "start": { "line": 58, "column": 47 }, "end": { "line": 58, "column": 49 } }
        ]
      },
      "13": {
        "loc": { "start": { "line": 61, "column": 4 }, "end": { "line": 78, "column": null } },
        "type": "if",
        "locations": [
          { "start": { "line": 61, "column": 4 }, "end": { "line": 78, "column": null } },
          { "start": { "line": 76, "column": 11 }, "end": { "line": 78, "column": null } }
        ]
      },
      "14": {
        "loc": { "start": { "line": 61, "column": 8 }, "end": { "line": 61, "column": 20 } },
        "type": "cond-expr",
        "locations": [
          { "start": { "line": 61, "column": 11 }, "end": { "line": 61, "column": 13 } },
          { "start": { "line": 61, "column": 8 }, "end": { "line": 61, "column": 20 } }
        ]
      },
      "15": {
        "loc": { "start": { "line": 61, "column": 8 }, "end": { "line": 61, "column": 13 } },
        "type": "binary-expr",
        "locations": [
          { "start": { "line": 61, "column": 8 }, "end": { "line": 61, "column": 13 } },
          { "start": { "line": 61, "column": 8 }, "end": { "line": 61, "column": 13 } }
        ]
      },
      "16": {
        "loc": { "start": { "line": 62, "column": 26 }, "end": { "line": 62, "column": 59 } },
        "type": "cond-expr",
        "locations": [
          { "start": { "line": 62, "column": 44 }, "end": { "line": 62, "column": 46 } },
          { "start": { "line": 62, "column": 44 }, "end": { "line": 62, "column": 59 } }
        ]
      },
      "17": {
        "loc": { "start": { "line": 62, "column": 26 }, "end": { "line": 62, "column": 46 } },
        "type": "binary-expr",
        "locations": [
          { "start": { "line": 62, "column": 26 }, "end": { "line": 62, "column": 46 } },
          { "start": { "line": 62, "column": 44 }, "end": { "line": 62, "column": 46 } }
        ]
      },
      "18": {
        "loc": { "start": { "line": 65, "column": 6 }, "end": { "line": 74, "column": null } },
        "type": "if",
        "locations": [{ "start": { "line": 65, "column": 6 }, "end": { "line": 74, "column": null } }]
      },
      "19": {
        "loc": { "start": { "line": 67, "column": 8 }, "end": { "line": 73, "column": null } },
        "type": "if",
        "locations": [{ "start": { "line": 67, "column": 8 }, "end": { "line": 73, "column": null } }]
      }
    },
    "s": {
      "0": 2,
      "1": 2,
      "2": 2,
      "3": 2,
      "4": 2,
      "5": 2,
      "6": 2,
      "7": 21,
      "8": 21,
      "9": 21,
      "10": 2,
      "11": 2,
      "12": 3,
      "13": 2,
      "14": 2,
      "15": 1,
      "16": 1,
      "17": 2,
      "18": 2,
      "19": 0,
      "20": 0,
      "21": 0,
      "22": 0,
      "23": 2,
      "24": 2,
      "25": 26,
      "26": 26,
      "27": 18,
      "28": 10,
      "29": 8,
      "30": 10,
      "31": 2,
      "32": 2,
      "33": 4,
      "34": 4,
      "35": 0,
      "36": 4,
      "37": 2,
      "38": 2,
      "39": 26,
      "40": 26,
      "41": 26,
      "42": 26,
      "43": 0,
      "44": 0,
      "45": 0,
      "46": 0,
      "47": 0,
      "48": 0,
      "49": 0,
      "50": 0,
      "51": 0,
      "52": 0,
      "53": 26,
      "54": 2
    },
    "f": { "0": 21, "1": 3, "2": 0, "3": 26, "4": 4, "5": 26, "6": 26, "7": 26 },
    "b": {
      "0": [2, 1],
      "1": [2, 1],
      "2": [0, 0],
      "3": [0, 0],
      "4": [0, 0],
      "5": [26, 8],
      "6": [8, 18],
      "7": [26, 26],
      "8": [10, 8],
      "9": [0],
      "10": [26, 8],
      "11": [8, 18],
      "12": [26, 26],
      "13": [0, 26],
      "14": [18, 8],
      "15": [26, 8],
      "16": [0, 0],
      "17": [0, 0],
      "18": [0],
      "19": [0]
    }
  },
  "/Users/mypc/Desktop/node-lab/src/models/category.ts": {
    "path": "/Users/mypc/Desktop/node-lab/src/models/category.ts",
    "statementMap": {
      "0": { "start": { "line": 1, "column": 0 }, "end": { "line": 1, "column": 56 } },
      "1": { "start": { "line": 2, "column": 0 }, "end": { "line": 2, "column": 53 } },
      "2": { "start": { "line": 4, "column": 13 }, "end": { "line": 4, "column": 61 } }
    },
    "fnMap": {},
    "branchMap": {},
    "s": { "0": 2, "1": 2, "2": 2 },
    "f": {},
    "b": {}
  },
  "/Users/mypc/Desktop/node-lab/src/models/index.ts": {
    "path": "/Users/mypc/Desktop/node-lab/src/models/index.ts",
    "statementMap": {
      "0": { "start": { "line": 1, "column": 0 }, "end": { "line": 1, "column": 9 } },
      "1": { "start": { "line": 9, "column": 9 }, "end": { "line": 1, "column": 41 } },
      "2": { "start": { "line": 2, "column": 0 }, "end": { "line": 2, "column": 9 } },
      "3": { "start": { "line": 9, "column": 23 }, "end": { "line": 2, "column": 43 } },
      "4": { "start": { "line": 3, "column": 0 }, "end": { "line": 3, "column": 9 } },
      "5": { "start": { "line": 9, "column": 38 }, "end": { "line": 3, "column": 35 } },
      "6": { "start": { "line": 4, "column": 0 }, "end": { "line": 4, "column": 9 } },
      "7": { "start": { "line": 9, "column": 49 }, "end": { "line": 4, "column": 41 } },
      "8": { "start": { "line": 5, "column": 0 }, "end": { "line": 5, "column": 9 } },
      "9": { "start": { "line": 9, "column": 63 }, "end": { "line": 5, "column": 45 } },
      "10": { "start": { "line": 6, "column": 0 }, "end": { "line": 6, "column": 9 } },
      "11": { "start": { "line": 9, "column": 79 }, "end": { "line": 6, "column": 51 } },
      "12": { "start": { "line": 7, "column": 0 }, "end": { "line": 7, "column": 9 } },
      "13": { "start": { "line": 9, "column": 98 }, "end": { "line": 7, "column": 49 } }
    },
    "fnMap": {
      "0": {
        "name": "(anonymous_0)",
        "decl": { "start": { "line": 9, "column": 9 }, "end": { "line": 9, "column": 21 } },
        "loc": { "start": { "line": 9, "column": 9 }, "end": { "line": 1, "column": 41 } }
      },
      "1": {
        "name": "(anonymous_1)",
        "decl": { "start": { "line": 9, "column": 23 }, "end": { "line": 9, "column": 36 } },
        "loc": { "start": { "line": 9, "column": 23 }, "end": { "line": 2, "column": 43 } }
      },
      "2": {
        "name": "(anonymous_2)",
        "decl": { "start": { "line": 9, "column": 38 }, "end": { "line": 9, "column": 47 } },
        "loc": { "start": { "line": 9, "column": 38 }, "end": { "line": 3, "column": 35 } }
      },
      "3": {
        "name": "(anonymous_3)",
        "decl": { "start": { "line": 9, "column": 49 }, "end": { "line": 9, "column": 61 } },
        "loc": { "start": { "line": 9, "column": 49 }, "end": { "line": 4, "column": 41 } }
      },
      "4": {
        "name": "(anonymous_4)",
        "decl": { "start": { "line": 9, "column": 63 }, "end": { "line": 9, "column": 77 } },
        "loc": { "start": { "line": 9, "column": 63 }, "end": { "line": 5, "column": 45 } }
      },
      "5": {
        "name": "(anonymous_5)",
        "decl": { "start": { "line": 9, "column": 79 }, "end": { "line": 9, "column": 96 } },
        "loc": { "start": { "line": 9, "column": 79 }, "end": { "line": 6, "column": 51 } }
      },
      "6": {
        "name": "(anonymous_6)",
        "decl": { "start": { "line": 9, "column": 98 }, "end": { "line": 9, "column": 114 } },
        "loc": { "start": { "line": 9, "column": 98 }, "end": { "line": 7, "column": 49 } }
      }
    },
    "branchMap": {},
    "s": {
      "0": 2,
      "1": 14,
      "2": 2,
      "3": 11,
      "4": 2,
      "5": 3,
      "6": 2,
      "7": 2,
      "8": 2,
      "9": 2,
      "10": 2,
      "11": 2,
      "12": 2,
      "13": 3
    },
    "f": { "0": 12, "1": 9, "2": 1, "3": 0, "4": 0, "5": 0, "6": 1 },
    "b": {}
  },
  "/Users/mypc/Desktop/node-lab/src/models/lastRatings.ts": {
    "path": "/Users/mypc/Desktop/node-lab/src/models/lastRatings.ts",
    "statementMap": {
      "0": { "start": { "line": 1, "column": 0 }, "end": { "line": 1, "column": 56 } },
      "1": { "start": { "line": 2, "column": 0 }, "end": { "line": 2, "column": 50 } },
      "2": { "start": { "line": 4, "column": 13 }, "end": { "line": 4, "column": 61 } }
    },
    "fnMap": {},
    "branchMap": {},
    "s": { "0": 2, "1": 2, "2": 2 },
    "f": {},
    "b": {}
  },
  "/Users/mypc/Desktop/node-lab/src/models/orderList.ts": {
    "path": "/Users/mypc/Desktop/node-lab/src/models/orderList.ts",
    "statementMap": {
      "0": { "start": { "line": 1, "column": 0 }, "end": { "line": 1, "column": 56 } },
      "1": { "start": { "line": 2, "column": 0 }, "end": { "line": 2, "column": 54 } },
      "2": { "start": { "line": 4, "column": 13 }, "end": { "line": 4, "column": 63 } }
    },
    "fnMap": {},
    "branchMap": {},
    "s": { "0": 2, "1": 2, "2": 2 },
    "f": {},
    "b": {}
  },
  "/Users/mypc/Desktop/node-lab/src/models/orderProdust.ts": {
    "path": "/Users/mypc/Desktop/node-lab/src/models/orderProdust.ts",
    "statementMap": {
      "0": { "start": { "line": 1, "column": 0 }, "end": { "line": 1, "column": 56 } },
      "1": { "start": { "line": 2, "column": 0 }, "end": { "line": 2, "column": 52 } },
      "2": { "start": { "line": 4, "column": 13 }, "end": { "line": 4, "column": 64 } }
    },
    "fnMap": {},
    "branchMap": {},
    "s": { "0": 2, "1": 2, "2": 2 },
    "f": {},
    "b": {}
  },
  "/Users/mypc/Desktop/node-lab/src/models/produst.ts": {
    "path": "/Users/mypc/Desktop/node-lab/src/models/produst.ts",
    "statementMap": {
      "0": { "start": { "line": 1, "column": 0 }, "end": { "line": 1, "column": 56 } },
      "1": { "start": { "line": 2, "column": 0 }, "end": { "line": 2, "column": 52 } },
      "2": { "start": { "line": 4, "column": 13 }, "end": { "line": 4, "column": 59 } }
    },
    "fnMap": {},
    "branchMap": {},
    "s": { "0": 2, "1": 2, "2": 2 },
    "f": {},
    "b": {}
  },
  "/Users/mypc/Desktop/node-lab/src/models/session.ts": {
    "path": "/Users/mypc/Desktop/node-lab/src/models/session.ts",
    "statementMap": {
      "0": { "start": { "line": 1, "column": 0 }, "end": { "line": 1, "column": 56 } },
      "1": { "start": { "line": 2, "column": 0 }, "end": { "line": 2, "column": 53 } },
      "2": { "start": { "line": 4, "column": 13 }, "end": { "line": 4, "column": 60 } }
    },
    "fnMap": {},
    "branchMap": {},
    "s": { "0": 2, "1": 2, "2": 2 },
    "f": {},
    "b": {}
  },
  "/Users/mypc/Desktop/node-lab/src/models/user.ts": {
    "path": "/Users/mypc/Desktop/node-lab/src/models/user.ts",
    "statementMap": {
      "0": { "start": { "line": 1, "column": 0 }, "end": { "line": 1, "column": 56 } },
      "1": { "start": { "line": 2, "column": 0 }, "end": { "line": 2, "column": 49 } },
      "2": { "start": { "line": 4, "column": 13 }, "end": { "line": 4, "column": 53 } }
    },
    "fnMap": {},
    "branchMap": {},
    "s": { "0": 2, "1": 2, "2": 2 },
    "f": {},
    "b": {}
  },
  "/Users/mypc/Desktop/node-lab/src/repository/catalogRepository.ts": {
    "path": "/Users/mypc/Desktop/node-lab/src/repository/catalogRepository.ts",
    "statementMap": {
      "0": { "start": { "line": 2, "column": 0 }, "end": { "line": 2, "column": 42 } },
      "1": { "start": { "line": 3, "column": 0 }, "end": { "line": 3, "column": 52 } },
      "2": { "start": { "line": 5, "column": 0 }, "end": { "line": 5, "column": 49 } },
      "3": { "start": { "line": 6, "column": 0 }, "end": { "line": 6, "column": 33 } },
      "4": { "start": { "line": 8, "column": 0 }, "end": { "line": 8, "column": 45 } },
      "5": { "start": { "line": 9, "column": 0 }, "end": { "line": 9, "column": 53 } },
      "6": { "start": { "line": 12, "column": 14 }, "end": { "line": 12, "column": 21 } },
      "7": { "start": { "line": 16, "column": 4 }, "end": { "line": 26, "column": null } },
      "8": { "start": { "line": 17, "column": 23 }, "end": { "line": 17, "column": 66 } },
      "9": { "start": { "line": 18, "column": 6 }, "end": { "line": 22, "column": null } },
      "10": { "start": { "line": 19, "column": 8 }, "end": { "line": 19, "column": 27 } },
      "11": { "start": { "line": 21, "column": 8 }, "end": { "line": 21, "column": 59 } },
      "12": { "start": { "line": 24, "column": 6 }, "end": { "line": 24, "column": 26 } },
      "13": { "start": { "line": 25, "column": 6 }, "end": { "line": 25, "column": 36 } },
      "14": { "start": { "line": 30, "column": 4 }, "end": { "line": 72, "column": null } },
      "15": { "start": { "line": 31, "column": 21 }, "end": { "line": 31, "column": 42 } },
      "16": { "start": { "line": 32, "column": 6 }, "end": { "line": 34, "column": null } },
      "17": { "start": { "line": 33, "column": 8 }, "end": { "line": 33, "column": 111 } },
      "18": { "start": { "line": 36, "column": 30 }, "end": { "line": 36, "column": 66 } },
      "19": { "start": { "line": 37, "column": 34 }, "end": { "line": 37, "column": 74 } },
      "20": { "start": { "line": 38, "column": 21 }, "end": { "line": 38, "column": 25 } },
      "21": { "start": { "line": 40, "column": 6 }, "end": { "line": 64, "column": null } },
      "22": { "start": { "line": 41, "column": 8 }, "end": { "line": 61, "column": 11 } },
      "23": { "start": { "line": 63, "column": 8 }, "end": { "line": 63, "column": 83 } },
      "24": { "start": { "line": 65, "column": 6 }, "end": { "line": 69, "column": null } },
      "25": { "start": { "line": 66, "column": 8 }, "end": { "line": 66, "column": 27 } },
      "26": { "start": { "line": 68, "column": 8 }, "end": { "line": 68, "column": 59 } },
      "27": { "start": { "line": 71, "column": 6 }, "end": { "line": 71, "column": 21 } },
      "28": { "start": { "line": 76, "column": 21 }, "end": { "line": 79, "column": 6 } },
      "29": { "start": { "line": 80, "column": 4 }, "end": { "line": 80, "column": 20 } },
      "30": { "start": { "line": 84, "column": 21 }, "end": { "line": 84, "column": 78 } },
      "31": { "start": { "line": 85, "column": 4 }, "end": { "line": 85, "column": 20 } },
      "32": { "start": { "line": 89, "column": 20 }, "end": { "line": 91, "column": 6 } },
      "33": { "start": { "line": 92, "column": 4 }, "end": { "line": 92, "column": 19 } },
      "34": { "start": { "line": 98, "column": 4 }, "end": { "line": 103, "column": null } },
      "35": { "start": { "line": 99, "column": 23 }, "end": { "line": 99, "column": 68 } },
      "36": { "start": { "line": 100, "column": 6 }, "end": { "line": 100, "column": 25 } },
      "37": { "start": { "line": 102, "column": 6 }, "end": { "line": 102, "column": 26 } },
      "38": { "start": { "line": 107, "column": 4 }, "end": { "line": 156, "column": null } },
      "39": { "start": { "line": 108, "column": 21 }, "end": { "line": 108, "column": 42 } },
      "40": { "start": { "line": 109, "column": 6 }, "end": { "line": 111, "column": null } },
      "41": { "start": { "line": 110, "column": 8 }, "end": { "line": 110, "column": 111 } },
      "42": { "start": { "line": 113, "column": 30 }, "end": { "line": 113, "column": 66 } },
      "43": { "start": { "line": 114, "column": 34 }, "end": { "line": 114, "column": 74 } },
      "44": { "start": { "line": 115, "column": 25 }, "end": { "line": 115, "column": 39 } },
      "45": { "start": { "line": 116, "column": 21 }, "end": { "line": 116, "column": 25 } },
      "46": { "start": { "line": 117, "column": 6 }, "end": { "line": 147, "column": null } },
      "47": { "start": { "line": 118, "column": 8 }, "end": { "line": 123, "column": 11 } },
      "48": { "start": { "line": 124, "column": 8 }, "end": { "line": 140, "column": null } },
      "49": { "start": { "line": 125, "column": 47 }, "end": { "line": 130, "column": 12 } },
      "50": { "start": { "line": 132, "column": 10 }, "end": { "line": 137, "column": null } },
      "51": { "start": { "line": 133, "column": 12 }, "end": { "line": 135, "column": 14 } },
      "52": { "start": { "line": 136, "column": 12 }, "end": { "line": 136, "column": 33 } },
      "53": { "start": { "line": 139, "column": 10 }, "end": { "line": 139, "column": 88 } },
      "54": { "start": { "line": 142, "column": 8 }, "end": { "line": 146, "column": 11 } },
      "55": { "start": { "line": 149, "column": 6 }, "end": { "line": 153, "column": null } },
      "56": { "start": { "line": 150, "column": 8 }, "end": { "line": 150, "column": 27 } },
      "57": { "start": { "line": 152, "column": 8 }, "end": { "line": 152, "column": 59 } },
      "58": { "start": { "line": 155, "column": 6 }, "end": { "line": 155, "column": 21 } },
      "59": { "start": { "line": 160, "column": 21 }, "end": { "line": 162, "column": 6 } },
      "60": { "start": { "line": 164, "column": 4 }, "end": { "line": 164, "column": 20 } },
      "61": { "start": { "line": 168, "column": 4 }, "end": { "line": 168, "column": 73 } },
      "62": { "start": { "line": 169, "column": 4 }, "end": { "line": 169, "column": 44 } },
      "63": { "start": { "line": 173, "column": 21 }, "end": { "line": 173, "column": 92 } },
      "64": { "start": { "line": 175, "column": 24 }, "end": { "line": 178, "column": 6 } },
      "65": { "start": { "line": 179, "column": 4 }, "end": { "line": 179, "column": 23 } },
      "66": { "start": { "line": 184, "column": 2 }, "end": { "line": 184, "column": 96 } },
      "67": { "start": { "line": 186, "column": 0 }, "end": { "line": 186, "column": 34 } }
    },
    "fnMap": {
      "0": {
        "name": "(anonymous_7)",
        "decl": { "start": { "line": 15, "column": 8 }, "end": { "line": 15, "column": 11 } },
        "loc": { "start": { "line": 15, "column": 59 }, "end": { "line": 27, "column": null } }
      },
      "1": {
[...]
      "18": { "start": { "line": 34, "column": 6 }, "end": { "line": 34, "column": 19 } },
      "19": { "start": { "line": 36, "column": 4 }, "end": { "line": 36, "column": 17 } },
      "20": { "start": { "line": 41, "column": 0 }, "end": { "line": 41, "column": 68 } },
      "21": { "start": { "line": 43, "column": 0 }, "end": { "line": 43, "column": 31 } }
    },
    "fnMap": {
      "0": {
        "name": "(anonymous_0)",
        "decl": { "start": { "line": 9, "column": 26 }, "end": { "line": 9, "column": 27 } },
        "loc": { "start": { "line": 9, "column": 36 }, "end": { "line": 20, "column": 3 } }
      },
      "1": {
        "name": "(anonymous_1)",
        "decl": { "start": { "line": 12, "column": 20 }, "end": { "line": 12, "column": 21 } },
        "loc": { "start": { "line": 12, "column": 32 }, "end": { "line": 16, "column": 7 } }
      },
      "2": {
        "name": "(anonymous_2)",
        "decl": { "start": { "line": 26, "column": 26 }, "end": { "line": 26, "column": 27 } },
        "loc": { "start": { "line": 26, "column": 36 }, "end": { "line": 37, "column": 3 } }
      },
      "3": {
        "name": "(anonymous_3)",
        "decl": { "start": { "line": 29, "column": 20 }, "end": { "line": 29, "column": 21 } },
        "loc": { "start": { "line": 29, "column": 32 }, "end": { "line": 33, "column": 7 } }
      }
    },
    "branchMap": {
      "0": {
        "loc": { "start": { "line": 10, "column": 4 }, "end": { "line": 18, "column": null } },
        "type": "if",
        "locations": [{ "start": { "line": 10, "column": 4 }, "end": { "line": 18, "column": null } }]
      },
      "1": {
        "loc": { "start": { "line": 13, "column": 8 }, "end": { "line": 15, "column": null } },
        "type": "if",
        "locations": [{ "start": { "line": 13, "column": 8 }, "end": { "line": 15, "column": null } }]
      },
      "2": {
        "loc": { "start": { "line": 13, "column": 14 }, "end": { "line": 13, "column": 100 } },
        "type": "binary-expr",
        "locations": [
          { "start": { "line": 13, "column": 14 }, "end": { "line": 13, "column": 48 } },
          { "start": { "line": 13, "column": 52 }, "end": { "line": 13, "column": 72 } },
          { "start": { "line": 13, "column": 76 }, "end": { "line": 13, "column": 100 } }
        ]
      },
      "3": {
        "loc": { "start": { "line": 27, "column": 4 }, "end": { "line": 35, "column": null } },
        "type": "if",
        "locations": [{ "start": { "line": 27, "column": 4 }, "end": { "line": 35, "column": null } }]
      },
      "4": {
        "loc": { "start": { "line": 30, "column": 8 }, "end": { "line": 32, "column": null } },
        "type": "if",
        "locations": [{ "start": { "line": 30, "column": 8 }, "end": { "line": 32, "column": null } }]
      },
      "5": {
        "loc": { "start": { "line": 30, "column": 14 }, "end": { "line": 30, "column": 100 } },
        "type": "binary-expr",
        "locations": [
          { "start": { "line": 30, "column": 14 }, "end": { "line": 30, "column": 48 } },
          { "start": { "line": 30, "column": 52 }, "end": { "line": 30, "column": 72 } },
          { "start": { "line": 30, "column": 76 }, "end": { "line": 30, "column": 100 } }
        ]
      }
    },
    "s": {
      "0": 1,
      "1": 1,
      "2": 1,
      "3": 1,
      "4": 1,
      "5": 0,
      "6": 0,
      "7": 0,
      "8": 0,
      "9": 0,
      "10": 0,
      "11": 0,
      "12": 1,
      "13": 0,
      "14": 0,
      "15": 0,
      "16": 0,
      "17": 0,
      "18": 0,
      "19": 0,
      "20": 1,
      "21": 1
    },
    "f": { "0": 0, "1": 0, "2": 0, "3": 0 },
    "b": { "0": [0], "1": [0], "2": [0, 0, 0], "3": [0], "4": [0], "5": [0, 0, 0] }
  },
  "/Users/mypc/Desktop/node-lab/src/routes/product.ts": {
    "path": "/Users/mypc/Desktop/node-lab/src/routes/product.ts",
    "statementMap": {
      "0": { "start": { "line": 1, "column": 0 }, "end": { "line": 1, "column": 33 } },
      "1": { "start": { "line": 2, "column": 0 }, "end": { "line": 2, "column": 50 } },
      "2": { "start": { "line": 3, "column": 0 }, "end": { "line": 3, "column": 48 } },
      "3": { "start": { "line": 4, "column": 0 }, "end": { "line": 4, "column": 51 } },
      "4": { "start": { "line": 6, "column": 22 }, "end": { "line": 6, "column": 30 } },
      "5": { "start": { "line": 8, "column": 0 }, "end": { "line": 42, "column": 2 } },
      "6": { "start": { "line": 14, "column": 6 }, "end": { "line": 16, "column": null } },
      "7": { "start": { "line": 15, "column": 8 }, "end": { "line": 15, "column": 26 } },
      "8": { "start": { "line": 17, "column": 6 }, "end": { "line": 17, "column": 18 } },
      "9": { "start": { "line": 21, "column": 26 }, "end": { "line": 21, "column": 38 } },
      "10": { "start": { "line": 22, "column": 35 }, "end": { "line": 22, "column": 57 } },
      "11": { "start": { "line": 24, "column": 6 }, "end": { "line": 26, "column": null } },
      "12": { "start": { "line": 25, "column": 8 }, "end": { "line": 25, "column": 26 } },
      "13": { "start": { "line": 27, "column": 6 }, "end": { "line": 27, "column": 18 } },
      "14": { "start": { "line": 32, "column": 26 }, "end": { "line": 32, "column": 38 } },
      "15": { "start": { "line": 33, "column": 28 }, "end": { "line": 33, "column": 67 } },
      "16": { "start": { "line": 35, "column": 6 }, "end": { "line": 37, "column": null } },
      "17": { "start": { "line": 36, "column": 8 }, "end": { "line": 36, "column": 26 } },
      "18": { "start": { "line": 38, "column": 6 }, "end": { "line": 38, "column": 18 } },
      "19": { "start": { "line": 44, "column": 0 }, "end": { "line": 49, "column": 2 } },
      "20": { "start": { "line": 51, "column": 0 }, "end": { "line": 51, "column": 66 } },
      "21": { "start": { "line": 53, "column": 0 }, "end": { "line": 53, "column": 29 } }
    },
    "fnMap": {
      "0": {
        "name": "(anonymous_0)",
        "decl": { "start": { "line": 13, "column": 12 }, "end": { "line": 13, "column": 13 } },
        "loc": { "start": { "line": 13, "column": 22 }, "end": { "line": 18, "column": 5 } }
      },
      "1": {
        "name": "(anonymous_1)",
        "decl": { "start": { "line": 20, "column": 12 }, "end": { "line": 20, "column": 13 } },
        "loc": { "start": { "line": 20, "column": 22 }, "end": { "line": 28, "column": 5 } }
      },
      "2": {
        "name": "(anonymous_2)",
        "decl": { "start": { "line": 31, "column": 12 }, "end": { "line": 31, "column": 13 } },
        "loc": { "start": { "line": 31, "column": 22 }, "end": { "line": 39, "column": 5 } }
      }
    },
    "branchMap": {
      "0": {
        "loc": { "start": { "line": 14, "column": 6 }, "end": { "line": 16, "column": null } },
        "type": "if",
        "locations": [{ "start": { "line": 14, "column": 6 }, "end": { "line": 16, "column": null } }]
      },
      "1": {
        "loc": { "start": { "line": 14, "column": 12 }, "end": { "line": 14, "column": 39 } },
        "type": "binary-expr",
        "locations": [
          { "start": { "line": 14, "column": 12 }, "end": { "line": 14, "column": 24 } },
          { "start": { "line": 14, "column": 28 }, "end": { "line": 14, "column": 39 } }
        ]
      },
      "2": {
        "loc": { "start": { "line": 21, "column": 26 }, "end": { "line": 21, "column": 38 } },
        "type": "binary-expr",
        "locations": [
          { "start": { "line": 21, "column": 26 }, "end": { "line": 21, "column": 31 } },
          { "start": { "line": 21, "column": 35 }, "end": { "line": 21, "column": 38 } }
        ]
      },
      "3": {
        "loc": { "start": { "line": 24, "column": 6 }, "end": { "line": 26, "column": null } },
        "type": "if",
        "locations": [{ "start": { "line": 24, "column": 6 }, "end": { "line": 26, "column": null } }]
      },
      "4": {
        "loc": { "start": { "line": 24, "column": 12 }, "end": { "line": 24, "column": 86 } },
        "type": "binary-expr",
        "locations": [
          { "start": { "line": 24, "column": 13 }, "end": { "line": 24, "column": 27 } },
          { "start": { "line": 24, "column": 31 }, "end": { "line": 24, "column": 46 } },
          { "start": { "line": 24, "column": 52 }, "end": { "line": 24, "column": 66 } },
          { "start": { "line": 24, "column": 70 }, "end": { "line": 24, "column": 85 } }
        ]
      },
      "5": {
        "loc": { "start": { "line": 32, "column": 26 }, "end": { "line": 32, "column": 38 } },
        "type": "binary-expr",
        "locations": [
          { "start": { "line": 32, "column": 26 }, "end": { "line": 32, "column": 31 } },
          { "start": { "line": 32, "column": 35 }, "end": { "line": 32, "column": 38 } }
        ]
      },
      "6": {
        "loc": { "start": { "line": 35, "column": 6 }, "end": { "line": 37, "column": null } },
        "type": "if",
        "locations": [{ "start": { "line": 35, "column": 6 }, "end": { "line": 37, "column": null } }]
      },
      "7": {
        "loc": { "start": { "line": 35, "column": 12 }, "end": { "line": 35, "column": 87 } },
        "type": "binary-expr",
        "locations": [
          { "start": { "line": 35, "column": 12 }, "end": { "line": 35, "column": 35 } },
          { "start": { "line": 35, "column": 39 }, "end": { "line": 35, "column": 63 } },
          { "start": { "line": 35, "column": 67 }, "end": { "line": 35, "column": 87 } }
        ]
      }
    },
    "s": {
      "0": 1,
      "1": 1,
      "2": 1,
      "3": 1,
      "4": 1,
      "5": 1,
      "6": 0,
      "7": 0,
      "8": 0,
      "9": 0,
      "10": 0,
      "11": 0,
      "12": 0,
      "13": 0,
      "14": 0,
      "15": 0,
      "16": 0,
      "17": 0,
      "18": 0,
      "19": 1,
      "20": 1,
      "21": 1
    },
    "f": { "0": 0, "1": 0, "2": 0 },
    "b": { "0": [0], "1": [0, 0], "2": [0, 0], "3": [0], "4": [0, 0, 0, 0], "5": [0, 0], "6": [0], "7": [0, 0, 0] }
  },
  "/Users/mypc/Desktop/node-lab/src/types/mongoEntity.ts": {
    "path": "/Users/mypc/Desktop/node-lab/src/types/mongoEntity.ts",
    "statementMap": {
      "0": { "start": { "line": 1, "column": 0 }, "end": { "line": 1, "column": 80 } },
      "1": { "start": { "line": 5, "column": 2 }, "end": { "line": 5, "column": null } },
      "2": { "start": { "line": 8, "column": 2 }, "end": { "line": 8, "column": null } },
      "3": { "start": { "line": 3, "column": 0 }, "end": { "line": 3, "column": 13 } },
      "4": { "start": { "line": 13, "column": 2 }, "end": { "line": 13, "column": null } },
      "5": { "start": { "line": 16, "column": 2 }, "end": { "line": 16, "column": null } },
      "6": { "start": { "line": 19, "column": 2 }, "end": { "line": 19, "column": null } },
      "7": { "start": { "line": 22, "column": 2 }, "end": { "line": 22, "column": null } },
      "8": { "start": { "line": 25, "column": 2 }, "end": { "line": 25, "column": null } },
      "9": { "start": { "line": 11, "column": 0 }, "end": { "line": 11, "column": 13 } },
      "10": { "start": { "line": 30, "column": 2 }, "end": { "line": 30, "column": null } },
      "11": { "start": { "line": 33, "column": 2 }, "end": { "line": 33, "column": null } },
      "12": { "start": { "line": 28, "column": 0 }, "end": { "line": 28, "column": 13 } },
      "13": { "start": { "line": 39, "column": 0 }, "end": { "line": 61, "column": null } },
      "14": { "start": { "line": 41, "column": 2 }, "end": { "line": 41, "column": null } },
      "15": { "start": { "line": 44, "column": 2 }, "end": { "line": 44, "column": null } },
      "16": { "start": { "line": 43, "column": 21 }, "end": { "line": 43, "column": 34 } },
      "17": { "start": { "line": 47, "column": 2 }, "end": { "line": 47, "column": null } },
      "18": { "start": { "line": 50, "column": 2 }, "end": { "line": 50, "column": null } },
      "19": { "start": { "line": 53, "column": 2 }, "end": { "line": 53, "column": null } },
      "20": { "start": { "line": 56, "column": 2 }, "end": { "line": 60, "column": null } },
      "21": { "start": { "line": 39, "column": 13 }, "end": { "line": 61, "column": null } },
      "22": { "start": { "line": 39, "column": 13 }, "end": { "line": 39, "column": 25 } },
      "23": { "start": { "line": 66, "column": 2 }, "end": { "line": 66, "column": null } },
      "24": { "start": { "line": 64, "column": 21 }, "end": { "line": 64, "column": 33 } },
      "25": { "start": { "line": 69, "column": 2 }, "end": { "line": 69, "column": null } },
      "26": { "start": { "line": 68, "column": 21 }, "end": { "line": 68, "column": 30 } },
      "27": { "start": { "line": 63, "column": 0 }, "end": { "line": 63, "column": 13 } },
      "28": { "start": { "line": 74, "column": 2 }, "end": { "line": 74, "column": null } },
      "29": { "start": { "line": 73, "column": 21 }, "end": { "line": 73, "column": 33 } },
      "30": { "start": { "line": 77, "column": 2 }, "end": { "line": 77, "column": null } },
      "31": { "start": { "line": 76, "column": 21 }, "end": { "line": 76, "column": 35 } },
      "32": { "start": { "line": 80, "column": 2 }, "end": { "line": 80, "column": null } },
      "33": { "start": { "line": 72, "column": 0 }, "end": { "line": 72, "column": 13 } },
      "34": { "start": { "line": 85, "column": 2 }, "end": { "line": 85, "column": null } },
      "35": { "start": { "line": 84, "column": 21 }, "end": { "line": 84, "column": 30 } },
      "36": { "start": { "line": 88, "column": 2 }, "end": { "line": 88, "column": null } },
      "37": { "start": { "line": 87, "column": 21 }, "end": { "line": 87, "column": 33 } },
      "38": { "start": { "line": 91, "column": 2 }, "end": { "line": 91, "column": null } },
      "39": { "start": { "line": 94, "column": 2 }, "end": { "line": 94, "column": null } },
      "40": { "start": { "line": 83, "column": 0 }, "end": { "line": 83, "column": 13 } }
    },
    "fnMap": {
      "0": {
        "name": "(anonymous_2)",
        "decl": { "start": { "line": 43, "column": 15 }, "end": { "line": 43, "column": 18 } },
        "loc": { "start": { "line": 43, "column": 21 }, "end": { "line": 43, "column": 34 } }
      },
      "1": {
        "name": "(anonymous_3)",
        "decl": { "start": { "line": 64, "column": 15 }, "end": { "line": 64, "column": 18 } },
        "loc": { "start": { "line": 64, "column": 21 }, "end": { "line": 64, "column": 33 } }
      },
      "2": {
        "name": "(anonymous_4)",
        "decl": { "start": { "line": 68, "column": 15 }, "end": { "line": 68, "column": 18 } },
        "loc": { "start": { "line": 68, "column": 21 }, "end": { "line": 68, "column": 30 } }
      },
      "3": {
        "name": "(anonymous_5)",
        "decl": { "start": { "line": 73, "column": 15 }, "end": { "line": 73, "column": 18 } },
        "loc": { "start": { "line": 73, "column": 21 }, "end": { "line": 73, "column": 33 } }
      },
      "4": {
        "name": "(anonymous_6)",
        "decl": { "start": { "line": 76, "column": 15 }, "end": { "line": 76, "column": 18 } },
        "loc": { "start": { "line": 76, "column": 21 }, "end": { "line": 76, "column": 35 } }
      },
      "5": {
        "name": "(anonymous_7)",
        "decl": { "start": { "line": 84, "column": 15 }, "end": { "line": 84, "column": 18 } },
        "loc": { "start": { "line": 84, "column": 21 }, "end": { "line": 84, "column": 30 } }
      },
      "6": {
        "name": "(anonymous_8)",
        "decl": { "start": { "line": 87, "column": 15 }, "end": { "line": 87, "column": 18 } },
        "loc": { "start": { "line": 87, "column": 21 }, "end": { "line": 87, "column": 33 } }
      }
    },
    "branchMap": {},
    "s": {
      "0": 2,
      "1": 2,
      "2": 2,
      "3": 2,
      "4": 2,
      "5": 2,
      "6": 2,
      "7": 2,
      "8": 2,
      "9": 2,
      "10": 2,
      "11": 2,
      "12": 2,
      "13": 2,
      "14": 2,
      "15": 2,
      "16": 2,
      "17": 2,
      "18": 2,
      "19": 2,
      "20": 2,
      "21": 2,
      "22": 2,
      "23": 2,
      "24": 2,
      "25": 2,
      "26": 2,
      "27": 2,
      "28": 2,
      "29": 2,
      "30": 2,
      "31": 2,
      "32": 2,
      "33": 2,
      "34": 2,
      "35": 2,
      "36": 2,
      "37": 2,
      "38": 2,
      "39": 2,
      "40": 2
    },
    "f": { "0": 2, "1": 2, "2": 2, "3": 2, "4": 2, "5": 2, "6": 2 },
    "b": {}
  },
  "/Users/mypc/Desktop/node-lab/test/handlers.ts": {
    "path": "/Users/mypc/Desktop/node-lab/test/handlers.ts",
    "statementMap": {
      "0": { "start": { "line": 1, "column": 0 }, "end": { "line": 1, "column": 32 } },
      "1": { "start": { "line": 2, "column": 0 }, "end": { "line": 2, "column": 58 } },
      "2": { "start": { "line": 4, "column": 25 }, "end": { "line": 8, "column": 2 } },
      "3": { "start": { "line": 4, "column": 36 }, "end": { "line": 8, "column": 2 } },
      "4": { "start": { "line": 5, "column": 16 }, "end": { "line": 5, "column": 48 } },
      "5": { "start": { "line": 6, "column": 14 }, "end": { "line": 6, "column": 28 } },
      "6": { "start": { "line": 7, "column": 2 }, "end": { "line": 7, "column": 22 } },
      "7": { "start": { "line": 4, "column": 13 }, "end": { "line": 4, "column": 25 } },
      "8": { "start": { "line": 10, "column": 25 }, "end": { "line": 12, "column": 2 } },
      "9": { "start": { "line": 10, "column": 44 }, "end": { "line": 12, "column": 2 } },
      "10": { "start": { "line": 11, "column": 2 }, "end": { "line": 11, "column": 30 } },
      "11": { "start": { "line": 10, "column": 13 }, "end": { "line": 10, "column": 25 } },
      "12": { "start": { "line": 14, "column": 28 }, "end": { "line": 18, "column": 2 } },
      "13": { "start": { "line": 14, "column": 49 }, "end": { "line": 18, "column": 2 } },
      "14": { "start": { "line": 15, "column": 2 }, "end": { "line": 15, "column": 43 } },
      "15": { "start": { "line": 16, "column": 2 }, "end": { "line": 16, "column": 36 } },
      "16": { "start": { "line": 17, "column": 2 }, "end": { "line": 17, "column": 21 } },
      "17": { "start": { "line": 14, "column": 13 }, "end": { "line": 14, "column": 28 } }
    },
    "fnMap": {
      "0": {
        "name": "(anonymous_8)",
        "decl": { "start": { "line": 4, "column": 25 }, "end": { "line": 4, "column": 34 } },
        "loc": { "start": { "line": 4, "column": 36 }, "end": { "line": 8, "column": 2 } }
      },
      "1": {
        "name": "(anonymous_9)",
        "decl": { "start": { "line": 4, "column": 36 }, "end": { "line": 4, "column": null } },
        "loc": { "start": { "line": 4, "column": 36 }, "end": { "line": 8, "column": 1 } }
      },
      "2": {
        "name": "(anonymous_10)",
        "decl": { "start": { "line": 10, "column": 25 }, "end": { "line": 10, "column": 32 } },
        "loc": { "start": { "line": 10, "column": 44 }, "end": { "line": 12, "column": 2 } }
      },
      "3": {
        "name": "(anonymous_11)",
        "decl": { "start": { "line": 10, "column": 44 }, "end": { "line": 10, "column": null } },
        "loc": { "start": { "line": 10, "column": 44 }, "end": { "line": 12, "column": 1 } }
      },
      "4": {
        "name": "(anonymous_12)",
        "decl": { "start": { "line": 14, "column": 28 }, "end": { "line": 14, "column": 35 } },
        "loc": { "start": { "line": 14, "column": 49 }, "end": { "line": 18, "column": 2 } }
      },
      "5": {
        "name": "(anonymous_13)",
        "decl": { "start": { "line": 14, "column": 49 }, "end": { "line": 14, "column": null } },
        "loc": { "start": { "line": 14, "column": 49 }, "end": { "line": 18, "column": 1 } }
      }
    },
    "branchMap": {},
    "s": {
      "0": 1,
      "1": 1,
      "2": 1,
      "3": 3,
      "4": 3,
      "5": 3,
      "6": 3,
      "7": 1,
      "8": 1,
      "9": 3,
      "10": 3,
      "11": 1,
      "12": 1,
      "13": 3,
      "14": 3,
      "15": 3,
      "16": 3,
      "17": 1
    },
    "f": { "0": 3, "1": 3, "2": 3, "3": 3, "4": 3, "5": 3 },
    "b": {}
  }
}
