TN:
SF:src/config.ts
FNF:0
FNH:0
DA:1,2
DA:2,2
LF:2
LH:2
BRF:0
BRH:0
end_of_record
TN:
SF:src/controllers/categoryController.ts
FN:7,(anonymous_7)
FN:16,(anonymous_9)
FN:29,(anonymous_11)
FNF:3
FNH:3
FNDA:1,(anonymous_7)
FNDA:2,(anonymous_9)
FNDA:1,(anonymous_11)
DA:3,1
DA:4,1
DA:8,1
DA:9,1
DA:10,1
DA:12,0
DA:17,2
DA:18,2
DA:20,2
DA:21,1
DA:23,1
DA:25,1
DA:30,1
DA:31,1
DA:32,1
DA:34,0
DA:39,1
LF:17
LH:15
BRDA:20,0,0,1
BRF:1
BRH:1
end_of_record
TN:
SF:src/controllers/index.ts
FNF:0
FNH:0
DA:1,1
DA:2,1
DA:3,1
DA:4,1
DA:6,1
LF:5
LH:5
BRF:0
BRH:0
end_of_record
TN:
SF:src/controllers/orderListController.ts
FN:8,(anonymous_7)
FN:34,(anonymous_9)
FN:41,(anonymous_10)
FN:55,(anonymous_11)
FN:78,(anonymous_13)
FNF:5
FNH:0
FNDA:0,(anonymous_7)
FNDA:0,(anonymous_9)
FNDA:0,(anonymous_10)
FNDA:0,(anonymous_11)
FNDA:0,(anonymous_13)
DA:3,1
DA:4,1
DA:5,1
DA:9,0
DA:10,0
DA:11,0
DA:12,0
DA:14,0
DA:15,0
DA:18,0
DA:20,0
DA:21,0
DA:23,0
DA:24,0
DA:28,0
DA:30,0
DA:32,0
DA:33,0
DA:34,0
DA:35,0
DA:36,0
DA:39,0
DA:41,0
DA:42,0
DA:45,0
DA:49,0
DA:51,0
DA:56,0
DA:57,0
DA:58,0
DA:59,0
DA:61,0
DA:62,0
DA:65,0
DA:67,0
DA:68,0
DA:70,0
DA:72,0
DA:74,0
DA:79,0
DA:80,0
DA:82,0
DA:84,0
DA:85,0
DA:86,0
DA:88,0
DA:91,0
DA:93,0
DA:98,1
LF:49
LH:4
BRDA:11,0,0,0
BRDA:20,1,0,0
BRDA:20,1,1,0
BRDA:33,2,0,0
BRDA:58,3,0,0
BRDA:67,4,0,0
BRDA:67,4,1,0
BRDA:84,5,0,0
BRDA:84,5,1,0
BRF:9
BRH:0
end_of_record
TN:
SF:src/controllers/productController.ts
FN:12,(anonymous_8)
FN:31,(anonymous_10)
FN:63,(anonymous_11)
FN:77,(anonymous_13)
FN:86,(anonymous_15)
FN:95,(anonymous_17)
FN:108,(anonymous_19)
FNF:7
FNH:5
FNDA:1,(anonymous_8)
FNDA:0,(anonymous_10)
FNDA:0,(anonymous_11)
FNDA:2,(anonymous_13)
FNDA:1,(anonymous_15)
FNDA:2,(anonymous_17)
FNDA:1,(anonymous_19)
DA:3,1
DA:4,1
DA:5,1
DA:6,1
DA:7,1
DA:13,1
DA:14,1
DA:15,1
DA:16,0
DA:19,1
DA:20,1
DA:22,1
DA:23,1
DA:25,1
DA:27,1
DA:28,1
DA:29,1
DA:30,1
DA:31,1
DA:32,0
DA:33,0
DA:34,0
DA:35,0
DA:36,0
DA:38,0
DA:40,1
DA:41,1
DA:48,0
DA:51,1
DA:54,1
DA:56,0
DA:59,0
DA:64,0
DA:65,0
DA:66,0
DA:68,0
DA:69,0
DA:70,0
DA:73,0
DA:78,2
DA:79,2
DA:80,1
DA:82,1
DA:87,1
DA:88,1
DA:89,1
DA:91,0
DA:96,2
DA:97,2
DA:99,2
DA:100,1
DA:102,1
DA:104,1
DA:109,1
DA:110,1
DA:111,1
DA:113,0
DA:118,1
LF:58
LH:39
BRDA:15,0,0,0
BRDA:19,1,0,1
BRDA:19,1,1,0
BRDA:19,2,0,0
BRDA:19,2,1,1
BRDA:19,3,0,1
BRDA:19,3,1,1
BRDA:22,4,0,1
BRDA:22,4,1,0
BRDA:27,5,0,1
BRDA:27,5,1,0
BRDA:28,6,0,1
BRDA:28,6,1,0
BRDA:32,7,0,0
BRDA:40,8,0,1
BRDA:65,9,0,0
BRDA:65,9,1,0
BRDA:65,10,0,0
BRDA:65,10,1,0
BRDA:65,11,0,0
BRDA:65,11,1,0
BRDA:68,12,0,0
BRDA:99,13,0,1
BRF:23
BRH:9
end_of_record
TN:
SF:src/controllers/productRatingsController.ts
FN:6,(anonymous_7)
FN:12,(anonymous_9)
FNF:2
FNH:0
FNDA:0,(anonymous_7)
FNDA:0,(anonymous_9)
DA:3,1
DA:7,0
DA:9,0
DA:13,0
DA:17,1
LF:5
LH:2
BRF:0
BRH:0
end_of_record
TN:
SF:src/db/postgresql.ts
FNF:0
FNH:0
DA:1,2
DA:2,2
DA:3,2
DA:14,2
LF:4
LH:4
BRF:0
BRH:0
end_of_record
TN:
SF:src/entity/Category.ts
FN:15,(anonymous_2)
FN:15,(anonymous_3)
FNF:2
FNH:0
FNDA:0,(anonymous_2)
FNDA:0,(anonymous_3)
DA:1,2
DA:2,2
DA:5,2
DA:7,2
DA:10,2
DA:13,2
DA:15,0
DA:16,2
LF:8
LH:7
BRF:0
BRH:0
end_of_record
TN:
SF:src/entity/LastRatings.ts
FN:10,(anonymous_2)
FN:10,(anonymous_3)
FN:13,(anonymous_4)
FN:13,(anonymous_5)
FNF:4
FNH:0
FNDA:0,(anonymous_2)
FNDA:0,(anonymous_3)
FNDA:0,(anonymous_4)
FNDA:0,(anonymous_5)
DA:1,2
DA:2,2
DA:3,2
DA:6,2
DA:8,2
DA:10,0
DA:11,2
DA:13,0
DA:14,2
DA:17,2
DA:20,2
LF:11
LH:9
BRF:0
BRH:0
end_of_record
TN:
SF:src/entity/OrderList.ts
FN:10,(anonymous_2)
FN:14,(anonymous_3)
FN:14,(anonymous_4)
FNF:3
FNH:0
FNDA:0,(anonymous_2)
FNDA:0,(anonymous_3)
FNDA:0,(anonymous_4)
DA:1,2
DA:2,2
DA:3,2
DA:6,2
DA:8,2
DA:10,0
DA:12,2
DA:14,0
DA:16,2
LF:9
LH:7
BRF:0
BRH:0
end_of_record
TN:
SF:src/entity/OrderProduct.ts
FN:10,(anonymous_2)
FN:13,(anonymous_3)
FN:13,(anonymous_4)
FNF:3
FNH:0
FNDA:0,(anonymous_2)
FNDA:0,(anonymous_3)
FNDA:0,(anonymous_4)
DA:1,2
DA:2,2
DA:3,2
DA:6,2
DA:8,2
DA:10,0
DA:11,2
DA:13,0
DA:14,2
DA:17,2
LF:10
LH:8
BRF:0
BRH:0
end_of_record
TN:
SF:src/entity/Product.ts
FN:32,(anonymous_2)
FN:32,(anonymous_3)
FN:36,(anonymous_4)
FN:36,(anonymous_5)
FNF:4
FNH:0
FNDA:0,(anonymous_2)
FNDA:0,(anonymous_3)
FNDA:0,(anonymous_4)
FNDA:0,(anonymous_5)
DA:1,2
DA:11,2
DA:14,2
DA:16,2
DA:19,2
DA:22,2
DA:26,2
DA:30,2
DA:32,0
DA:34,2
DA:36,0
DA:37,2
LF:12
LH:10
BRF:0
BRH:0
end_of_record
TN:
SF:src/entity/Session.ts
FNF:0
FNH:0
DA:1,2
DA:4,2
DA:6,2
DA:9,2
DA:12,2
LF:5
LH:5
BRF:0
BRH:0
end_of_record
TN:
SF:src/entity/User.ts
FN:24,(anonymous_2)
FN:24,(anonymous_3)
FNF:2
FNH:0
FNDA:0,(anonymous_2)
FNDA:0,(anonymous_3)
DA:1,2
DA:2,2
DA:5,2
DA:7,2
DA:10,2
DA:13,2
DA:16,2
DA:19,2
DA:22,2
DA:24,0
DA:25,2
LF:11
LH:10
BRF:0
BRH:0
end_of_record
TN:
SF:src/entity/UserRatings.ts
FN:10,(anonymous_2)
FN:10,(anonymous_3)
FN:13,(anonymous_4)
FN:13,(anonymous_5)
FNF:4
FNH:0
FNDA:0,(anonymous_2)
FNDA:0,(anonymous_3)
FNDA:0,(anonymous_4)
FNDA:0,(anonymous_5)
DA:1,2
DA:2,2
DA:3,2
DA:6,2
DA:8,2
DA:10,0
DA:11,2
DA:13,0
DA:14,2
DA:17,2
DA:20,2
LF:11
LH:9
BRF:0
BRH:0
end_of_record
TN:
SF:src/entity/index.ts
FN:10,(anonymous_0)
FN:10,(anonymous_1)
FN:10,(anonymous_2)
FN:10,(anonymous_3)
FN:10,(anonymous_4)
FN:10,(anonymous_5)
FN:10,(anonymous_6)
FN:10,(anonymous_7)
FNF:8
FNH:8
FNDA:6,(anonymous_0)
FNDA:2,(anonymous_1)
FNDA:2,(anonymous_2)
FNDA:4,(anonymous_3)
FNDA:2,(anonymous_4)
FNDA:2,(anonymous_5)
FNDA:2,(anonymous_6)
FNDA:2,(anonymous_7)
DA:1,2
DA:2,2
DA:3,2
DA:4,2
DA:5,2
DA:6,2
DA:7,2
DA:8,2
DA:10,8
LF:9
LH:9
BRF:0
BRH:0
end_of_record
TN:
SF:src/error/apiError.ts
FN:3,(anonymous_0)
FNF:1
FNH:1
FNDA:13,(anonymous_0)
DA:1,2
DA:4,13
DA:5,13
DA:6,13
LF:4
LH:4
BRF:0
BRH:0
end_of_record
TN:
SF:src/helpers/index.ts
FN:9,(anonymous_8)
FN:18,(anonymous_9)
FN:28,(anonymous_10)
FN:35,(anonymous_11)
FN:48,(anonymous_12)
FN:57,(anonymous_13)
FN:60,(anonymous_14)
FN:60,(anonymous_15)
FNF:8
FNH:7
FNDA:21,(anonymous_8)
FNDA:3,(anonymous_9)
FNDA:0,(anonymous_10)
FNDA:26,(anonymous_11)
FNDA:4,(anonymous_12)
FNDA:26,(anonymous_13)
FNDA:26,(anonymous_14)
FNDA:26,(anonymous_15)
DA:2,2
DA:3,2
DA:4,2
DA:5,2
DA:6,2
DA:7,2
DA:9,2
DA:10,21
DA:11,21
DA:12,21
DA:18,2
DA:19,3
DA:20,2
DA:21,2
DA:22,1
DA:24,1
DA:28,2
DA:29,0
DA:30,0
DA:31,0
DA:32,0
DA:35,2
DA:36,26
DA:37,26
DA:39,18
DA:40,10
DA:42,8
DA:45,10
DA:48,2
DA:49,4
DA:51,4
DA:52,0
DA:54,4
DA:57,2
DA:58,26
DA:60,26
DA:61,26
DA:62,0
DA:63,0
DA:65,0
DA:66,0
DA:67,0
DA:68,0
DA:69,0
DA:70,0
DA:72,0
DA:75,0
DA:77,26
LF:48
LH:33
BRDA:19,0,0,2
BRDA:19,0,1,1
BRDA:20,1,0,2
BRDA:20,1,1,1
BRDA:29,2,0,0
BRDA:29,2,1,0
BRDA:29,3,0,0
BRDA:29,3,1,0
BRDA:29,4,0,0
BRDA:29,4,1,0
BRDA:36,5,0,26
BRDA:36,5,1,8
BRDA:36,6,0,8
BRDA:36,6,1,18
BRDA:36,7,0,26
BRDA:36,7,1,26
BRDA:39,8,0,10
BRDA:39,8,1,8
BRDA:51,9,0,0
BRDA:58,10,0,26
BRDA:58,10,1,8
BRDA:58,11,0,8
BRDA:58,11,1,18
BRDA:58,12,0,26
BRDA:58,12,1,26
BRDA:61,13,0,0
BRDA:61,13,1,26
BRDA:61,14,0,18
BRDA:61,14,1,8
BRDA:61,15,0,26
BRDA:61,15,1,8
BRDA:62,16,0,0
BRDA:62,16,1,0
BRDA:62,17,0,0
BRDA:62,17,1,0
BRDA:65,18,0,0
BRDA:67,19,0,0
BRF:37
BRH:23
end_of_record
TN:
SF:src/models/category.ts
FNF:0
FNH:0
DA:1,2
DA:2,2
DA:4,2
LF:3
LH:3
BRF:0
BRH:0
end_of_record
TN:
SF:src/models/index.ts
FN:9,(anonymous_0)
FN:9,(anonymous_1)
FN:9,(anonymous_2)
FN:9,(anonymous_3)
FN:9,(anonymous_4)
FN:9,(anonymous_5)
FN:9,(anonymous_6)
FNF:7
FNH:4
FNDA:12,(anonymous_0)
FNDA:9,(anonymous_1)
FNDA:1,(anonymous_2)
FNDA:0,(anonymous_3)
FNDA:0,(anonymous_4)
FNDA:0,(anonymous_5)
FNDA:1,(anonymous_6)
DA:1,2
DA:2,2
DA:3,2
DA:4,2
DA:5,2
DA:6,2
DA:7,2
DA:9,14
LF:8
LH:8
BRF:0
BRH:0
end_of_record
TN:
SF:src/models/lastRatings.ts
FNF:0
FNH:0
DA:1,2
DA:2,2
DA:4,2
LF:3
LH:3
BRF:0
BRH:0
end_of_record
TN:
SF:src/models/orderList.ts
FNF:0
FNH:0
DA:1,2
DA:2,2
DA:4,2
LF:3
LH:3
BRF:0
BRH:0
end_of_record
TN:
SF:src/models/orderProdust.ts
FNF:0
FNH:0
DA:1,2
DA:2,2
DA:4,2
LF:3
LH:3
BRF:0
BRH:0
end_of_record
TN:
SF:src/models/produst.ts
FNF:0
FNH:0
DA:1,2
DA:2,2
DA:4,2
LF:3
LH:3
BRF:0
BRH:0
end_of_record
TN:
SF:src/models/session.ts
FNF:0
FNH:0
DA:1,2
DA:2,2
DA:4,2
LF:3
LH:3
BRF:0
BRH:0
end_of_record
TN:
SF:src/models/user.ts
FNF:0
FNH:0
DA:1,2
DA:2,2
DA:4,2
LF:3
LH:3
BRF:0
BRH:0
end_of_record
TN:
SF:src/repository/catalogRepository.ts
FN:15,(anonymous_7)
FN:29,(anonymous_9)
FN:75,(anonymous_11)
FN:83,(anonymous_13)
FN:88,(anonymous_15)
FN:97,(anonymous_17)
FN:106,(anonymous_19)
FN:159,(anonymous_21)
FN:167,(anonymous_23)
FN:172,(anonymous_25)
FNF:10
FNH:5
FNDA:1,(anonymous_7)
FNDA:3,(anonymous_9)
FNDA:1,(anonymous_11)
FNDA:2,(anonymous_13)
FNDA:1,(anonymous_15)
FNDA:0,(anonymous_17)
FNDA:0,(anonymous_19)
FNDA:0,(anonymous_21)
FNDA:0,(anonymous_23)
FNDA:0,(anonymous_25)
DA:2,2
DA:3,2
DA:5,2
DA:6,2
DA:8,2
DA:9,2
DA:12,2
DA:16,1
DA:17,1
DA:18,1
DA:19,1
DA:21,0
DA:24,0
DA:25,0
DA:30,3
DA:31,3
DA:32,3
DA:33,0
DA:36,3
DA:37,3
DA:38,3
DA:40,3
DA:41,1
DA:63,2
DA:65,3
DA:66,2
DA:68,1
DA:71,1
DA:76,1
DA:80,1
DA:84,2
DA:85,2
DA:89,1
DA:92,1
DA:98,0
DA:99,0
DA:100,0
DA:102,0
DA:107,0
DA:108,0
DA:109,0
DA:110,0
DA:113,0
DA:114,0
DA:115,0
DA:116,0
DA:117,0
DA:118,0
DA:124,0
DA:125,0
DA:132,0
DA:133,0
DA:136,0
DA:139,0
DA:142,0
DA:149,0
DA:150,0
DA:152,0
DA:155,0
DA:160,0
DA:164,0
DA:168,0
DA:169,0
DA:173,0
DA:175,0
DA:179,0
DA:184,2
DA:186,2
LF:68
LH:32
BRDA:18,0,0,1
BRDA:18,0,1,0
BRDA:32,1,0,0
BRDA:40,2,0,1
BRDA:40,2,1,2
BRDA:52,3,0,0
BRDA:52,3,1,1
BRDA:65,4,0,2
BRDA:65,4,1,1
BRDA:109,5,0,0
BRDA:117,6,0,0
BRDA:117,6,1,0
BRDA:124,7,0,0
BRDA:132,8,0,0
BRDA:149,9,0,0
BRDA:149,9,1,0
BRDA:176,10,0,0
BRDA:176,10,1,0
BRDA:176,11,0,0
BRDA:176,11,1,0
BRDA:184,12,0,2
BRDA:184,12,1,0
BRF:22
BRH:7
end_of_record
TN:
SF:src/repository/index.ts
FNF:0
FNH:0
DA:1,2
DA:2,2
DA:3,2
DA:4,2
DA:5,2
DA:6,2
DA:9,2
DA:10,2
DA:11,2
DA:12,2
DA:13,2
DA:14,2
LF:12
LH:12
BRF:0
BRH:0
end_of_record
TN:
SF:src/repository/orderListRepository.ts
FN:12,(anonymous_8)
FN:17,(anonymous_10)
FN:18,(anonymous_12)
FN:29,(anonymous_13)
FN:33,(anonymous_15)
FN:40,(anonymous_17)
FN:56,(anonymous_19)
FN:64,(anonymous_21)
FN:68,(anonymous_23)
FNF:9
FNH:0
FNDA:0,(anonymous_8)
FNDA:0,(anonymous_10)
FNDA:0,(anonymous_12)
FNDA:0,(anonymous_13)
FNDA:0,(anonymous_15)
FNDA:0,(anonymous_17)
FNDA:0,(anonymous_19)
FNDA:0,(anonymous_21)
FNDA:0,(anonymous_23)
DA:1,2
DA:3,2
DA:6,2
DA:7,2
DA:9,2
DA:13,0
DA:14,0
DA:18,0
DA:19,0
DA:20,0
DA:24,0
DA:26,0
DA:30,0
DA:34,0
DA:35,0
DA:41,0
DA:53,0
DA:57,0
DA:61,0
DA:65,0
DA:69,0
DA:70,0
DA:71,0
DA:72,0
DA:78,2
DA:80,2
LF:26
LH:7
BRDA:19,0,0,0
BRDA:19,1,0,0
BRDA:19,1,1,0
BRDA:19,2,0,0
BRDA:19,2,1,0
BRDA:20,3,0,0
BRDA:20,3,1,0
BRDA:20,4,0,0
BRDA:20,4,1,0
BRDA:70,5,0,0
BRDA:78,6,0,2
BRDA:78,6,1,0
BRF:12
BRH:1
end_of_record
TN:
SF:src/repository/orderProductRepository.ts
FN:11,(anonymous_7)
FN:16,(anonymous_9)
FN:23,(anonymous_11)
FN:31,(anonymous_13)
FN:43,(anonymous_15)
FN:49,(anonymous_17)
FN:64,(anonymous_19)
FN:69,(anonymous_21)
FN:104,(anonymous_23)
FN:116,(anonymous_25)
FNF:10
FNH:0
FNDA:0,(anonymous_7)
FNDA:0,(anonymous_9)
FNDA:0,(anonymous_11)
FNDA:0,(anonymous_13)
FNDA:0,(anonymous_15)
FNDA:0,(anonymous_17)
FNDA:0,(anonymous_19)
FNDA:0,(anonymous_21)
FNDA:0,(anonymous_23)
FNDA:0,(anonymous_25)
DA:1,2
DA:2,2
DA:3,2
DA:4,2
DA:8,2
DA:12,0
DA:13,0
DA:17,0
DA:20,0
DA:24,0
DA:28,0
DA:32,0
DA:33,0
DA:34,0
DA:38,0
DA:40,0
DA:44,0
DA:50,0
DA:52,0
DA:53,0
DA:60,0
DA:61,0
DA:65,0
DA:66,0
DA:70,0
DA:87,0
DA:88,0
DA:95,0
DA:101,0
DA:105,0
DA:106,0
DA:107,0
DA:111,0
DA:113,0
DA:117,0
DA:122,2
DA:124,2
LF:37
LH:7
BRDA:54,0,0,0
BRDA:54,0,1,0
BRDA:55,1,0,0
BRDA:55,1,1,0
BRDA:87,2,0,0
BRDA:87,2,1,0
BRDA:122,3,0,2
BRDA:122,3,1,0
BRF:8
BRH:1
end_of_record
TN:
SF:src/repository/productRatingsRepository.ts
FN:9,(anonymous_7)
FN:15,(anonymous_9)
FN:18,(anonymous_11)
FN:27,(anonymous_12)
FN:37,(anonymous_14)
FN:43,(anonymous_16)
FNF:6
FNH:0
FNDA:0,(anonymous_7)
FNDA:0,(anonymous_9)
FNDA:0,(anonymous_11)
FNDA:0,(anonymous_12)
FNDA:0,(anonymous_14)
FNDA:0,(anonymous_16)
DA:1,2
DA:2,2
DA:4,2
DA:6,2
DA:10,0
DA:12,0
DA:16,0
DA:18,0
DA:28,0
DA:34,0
DA:38,0
DA:44,0
DA:57,2
DA:59,2
LF:14
LH:6
BRDA:57,0,0,2
BRDA:57,0,1,0
BRF:2
BRH:1
end_of_record
TN:
SF:src/repository/productRepository.ts
FN:24,(anonymous_8)
FN:67,(anonymous_10)
FN:75,(anonymous_12)
FN:85,(anonymous_14)
FN:98,(anonymous_15)
FN:127,(anonymous_17)
FN:130,(anonymous_19)
FN:140,(anonymous_20)
FN:150,(anonymous_22)
FN:155,(anonymous_24)
FN:166,(anonymous_26)
FN:176,(anonymous_28)
FN:212,(anonymous_29)
FN:220,(anonymous_31)
FN:274,(anonymous_33)
FN:288,(anonymous_35)
FN:298,(anonymous_36)
FN:312,(anonymous_38)
FN:336,(anonymous_40)
FN:341,(anonymous_42)
FNF:20
FNH:8
FNDA:1,(anonymous_8)
FNDA:3,(anonymous_10)
FNDA:1,(anonymous_12)
FNDA:1,(anonymous_14)
FNDA:1,(anonymous_15)
FNDA:0,(anonymous_17)
FNDA:0,(anonymous_19)
FNDA:1,(anonymous_20)
FNDA:2,(anonymous_22)
FNDA:1,(anonymous_24)
FNDA:0,(anonymous_26)
FNDA:0,(anonymous_28)
FNDA:0,(anonymous_29)
FNDA:0,(anonymous_31)
FNDA:0,(anonymous_33)
FNDA:0,(anonymous_35)
FNDA:0,(anonymous_36)
FNDA:0,(anonymous_38)
FNDA:0,(anonymous_40)
FNDA:0,(anonymous_42)
DA:2,2
DA:3,2
DA:6,2
DA:7,2
DA:16,2
DA:17,2
DA:18,2
DA:21,2
DA:25,1
DA:26,1
DA:27,1
DA:28,0
DA:31,1
DA:32,1
DA:33,1
DA:34,1
DA:35,1
DA:36,1
DA:38,1
DA:39,1
DA:41,1
DA:42,0
DA:43,0
DA:44,0
DA:45,0
DA:48,1
DA:49,1
DA:51,1
DA:52,0
DA:55,1
DA:57,1
DA:58,1
DA:60,0
DA:63,0
DA:68,3
DA:69,3
DA:70,1
DA:72,2
DA:76,1
DA:77,1
DA:85,1
DA:86,1
DA:89,1
DA:91,1
DA:92,1
DA:94,0
DA:99,1
DA:100,1
DA:110,1
DA:112,1
DA:113,1
DA:116,1
DA:123,0
DA:128,0
DA:129,0
DA:130,0
DA:131,0
DA:133,0
DA:134,0
DA:136,0
DA:141,1
DA:147,1
DA:151,2
DA:152,2
DA:156,1
DA:159,1
DA:167,0
DA:168,0
DA:169,0
DA:170,0
DA:173,0
DA:175,0
DA:176,0
DA:178,0
DA:179,0
DA:180,0
DA:182,0
DA:183,0
DA:186,0
DA:187,0
DA:189,0
DA:190,0
DA:192,0
DA:193,0
DA:194,0
DA:196,0
DA:197,0
DA:198,0
DA:199,0
DA:200,0
DA:201,0
DA:202,0
DA:204,0
DA:206,0
DA:208,0
DA:213,0
DA:214,0
DA:215,0
DA:217,0
DA:221,0
DA:233,0
DA:234,0
DA:236,0
DA:237,0
DA:239,0
DA:248,0
DA:253,0
DA:254,0
DA:256,0
DA:257,0
DA:259,0
DA:264,0
DA:269,0
DA:270,0
DA:275,0
DA:277,0
DA:288,0
DA:289,0
DA:292,0
DA:294,0
DA:299,0
DA:300,0
DA:308,0
DA:313,0
DA:315,0
DA:316,0
DA:317,0
DA:318,0
DA:319,0
DA:321,0
DA:326,0
DA:333,0
DA:337,0
DA:338,0
DA:342,0
DA:344,0
DA:345,0
DA:346,0
DA:347,0
DA:348,0
DA:350,0
DA:355,0
DA:357,0
DA:365,0
DA:369,2
DA:371,2
LF:146
LH:51
BRDA:27,0,0,0
BRDA:33,1,0,1
BRDA:33,1,1,1
BRDA:33,2,0,1
BRDA:33,2,1,0
BRDA:33,3,0,1
BRDA:33,3,1,1
BRDA:35,4,0,1
BRDA:35,4,1,1
BRDA:36,5,0,1
BRDA:36,5,1,1
BRDA:38,6,0,1
BRDA:38,6,1,0
BRDA:39,7,0,1
BRDA:39,7,1,0
BRDA:41,8,0,0
BRDA:41,9,0,1
BRDA:41,9,1,1
BRDA:43,10,0,0
BRDA:43,10,1,0
BRDA:44,11,0,0
BRDA:44,11,1,0
BRDA:49,12,0,1
BRDA:49,12,1,1
BRDA:49,13,0,1
BRDA:49,13,1,0
BRDA:49,14,0,1
BRDA:49,14,1,1
BRDA:51,15,0,0
BRDA:51,16,0,1
BRDA:51,16,1,0
BRDA:57,17,0,1
BRDA:57,17,1,0
BRDA:69,18,0,1
BRDA:86,19,0,0
BRDA:86,19,1,1
BRDA:86,20,0,1
BRDA:86,20,1,1
BRDA:112,21,0,1
BRDA:130,22,0,0
BRDA:130,22,1,0
BRDA:130,23,0,0
BRDA:130,23,1,0
BRDA:130,24,0,0
BRDA:130,24,1,0
BRDA:130,25,0,0
BRDA:130,25,1,0
BRDA:130,26,0,0
BRDA:130,26,1,0
BRDA:169,27,0,0
BRDA:175,28,0,0
BRDA:175,28,1,0
BRDA:175,29,0,0
BRDA:175,29,1,0
BRDA:175,30,0,0
BRDA:175,30,1,0
BRDA:178,31,0,0
BRDA:178,31,1,0
BRDA:178,32,0,0
BRDA:178,32,1,0
BRDA:178,33,0,0
BRDA:178,33,1,0
BRDA:182,34,0,0
BRDA:182,35,0,0
BRDA:182,35,1,0
BRDA:189,36,0,0
BRDA:189,36,1,0
BRDA:190,37,0,0
BRDA:190,37,1,0
BRDA:192,38,0,0
BRDA:192,38,1,0
BRDA:192,38,2,0
BRDA:193,39,0,0
BRDA:193,39,1,0
BRDA:193,39,2,0
BRDA:194,40,0,0
BRDA:194,40,1,0
BRDA:194,40,2,0
BRDA:198,41,0,0
BRDA:198,41,1,0
BRDA:199,42,0,0
BRDA:199,42,1,0
BRDA:201,43,0,0
BRDA:201,43,1,0
BRDA:214,44,0,0
BRDA:233,45,0,0
BRDA:233,45,1,0
BRDA:233,46,0,0
BRDA:233,46,1,0
BRDA:233,47,0,0
BRDA:233,47,1,0
BRDA:234,48,0,0
BRDA:234,48,1,0
BRDA:234,49,0,0
BRDA:234,49,1,0
BRDA:236,50,0,0
BRDA:236,50,1,0
BRDA:277,51,0,0
BRDA:277,51,1,0
BRDA:288,52,0,0
BRDA:288,52,1,0
BRDA:288,53,0,0
BRDA:288,53,1,0
BRDA:289,54,0,0
BRDA:289,54,1,0
BRDA:315,55,0,0
BRDA:315,56,0,0
BRDA:315,56,1,0
BRDA:315,57,0,0
BRDA:315,57,1,0
BRDA:318,58,0,0
BRDA:318,58,1,0
BRDA:344,59,0,0
BRDA:344,60,0,0
BRDA:344,60,1,0
BRDA:344,61,0,0
BRDA:344,61,1,0
BRDA:347,62,0,0
BRDA:347,62,1,0
BRDA:358,63,0,0
BRDA:358,63,1,0
BRDA:358,64,0,0
BRDA:358,64,1,0
BRDA:359,65,0,0
BRDA:359,65,1,0
BRDA:359,66,0,0
BRDA:359,66,1,0
BRDA:360,67,0,0
BRDA:360,67,1,0
BRDA:360,68,0,0
BRDA:360,68,1,0
BRDA:369,69,0,2
BRDA:369,69,1,0
BRF:133
BRH:26
end_of_record
TN:
SF:src/repository/sessionRepository.ts
FN:11,(anonymous_7)
FN:15,(anonymous_9)
FN:20,(anonymous_11)
FN:25,(anonymous_13)
FN:29,(anonymous_15)
FN:35,(anonymous_17)
FN:39,(anonymous_19)
FN:44,(anonymous_21)
FN:49,(anonymous_23)
FN:54,(anonymous_25)
FNF:10
FNH:0
FNDA:0,(anonymous_7)
FNDA:0,(anonymous_9)
FNDA:0,(anonymous_11)
FNDA:0,(anonymous_13)
FNDA:0,(anonymous_15)
FNDA:0,(anonymous_17)
FNDA:0,(anonymous_19)
FNDA:0,(anonymous_21)
FNDA:0,(anonymous_23)
FNDA:0,(anonymous_25)
DA:1,2
DA:2,2
DA:6,2
DA:8,2
DA:12,0
DA:16,0
DA:17,0
DA:21,0
DA:22,0
DA:26,0
DA:30,0
DA:36,0
DA:40,0
DA:41,0
DA:45,0
DA:46,0
DA:50,0
DA:51,0
DA:55,0
DA:59,2
DA:61,2
LF:21
LH:6
BRDA:51,0,0,0
BRDA:51,0,1,0
BRDA:51,1,0,0
BRDA:51,1,1,0
BRDA:59,2,0,2
BRDA:59,2,1,0
BRF:6
BRH:1
end_of_record
TN:
SF:src/repository/userRepository.ts
FN:10,(anonymous_7)
FN:15,(anonymous_9)
FN:20,(anonymous_11)
FN:24,(anonymous_13)
FN:30,(anonymous_15)
FN:35,(anonymous_17)
FN:40,(anonymous_19)
FN:44,(anonymous_21)
FNF:8
FNH:0
FNDA:0,(anonymous_7)
FNDA:0,(anonymous_9)
FNDA:0,(anonymous_11)
FNDA:0,(anonymous_13)
FNDA:0,(anonymous_15)
FNDA:0,(anonymous_17)
FNDA:0,(anonymous_19)
FNDA:0,(anonymous_21)
DA:3,2
DA:4,2
DA:5,2
DA:7,2
DA:11,0
DA:12,0
DA:16,0
DA:17,0
DA:21,0
DA:25,0
DA:31,0
DA:32,0
DA:36,0
DA:37,0
DA:41,0
DA:45,0
DA:49,2
DA:51,2
LF:18
LH:6
BRDA:49,0,0,2
BRDA:49,0,1,0
BRF:2
BRH:1
end_of_record
TN:
SF:src/routes/admin.ts
FNF:0
FNH:0
DA:1,1
DA:2,1
DA:3,1
DA:4,1
DA:6,1
DA:8,1
DA:10,1
DA:19,1
DA:28,1
DA:30,1
DA:37,1
DA:44,1
DA:46,1
LF:13
LH:13
BRF:0
BRH:0
end_of_record
TN:
SF:src/routes/category.ts
FN:12,(anonymous_0)
FN:20,(anonymous_1)
FNF:2
FNH:1
FNDA:1,(anonymous_0)
FNDA:0,(anonymous_1)
DA:1,1
DA:2,1
DA:3,1
DA:5,1
DA:7,1
DA:9,1
DA:13,1
DA:14,0
DA:16,1
DA:21,0
DA:22,0
DA:24,0
DA:30,1
LF:13
LH:9
BRDA:13,0,0,0
BRDA:13,1,0,1
BRDA:13,1,1,0
BRDA:13,1,2,0
BRDA:21,2,0,0
BRDA:21,3,0,0
BRDA:21,3,1,0
BRDA:21,3,2,0
BRF:8
BRH:1
end_of_record
TN:
SF:src/routes/index.ts
FNF:0
FNH:0
DA:1,1
DA:2,1
DA:3,1
DA:4,1
DA:6,1
LF:5
LH:5
BRF:0
BRH:0
end_of_record
TN:
SF:src/routes/orderList.ts
FN:9,(anonymous_0)
FN:12,(anonymous_1)
FN:26,(anonymous_2)
FN:29,(anonymous_3)
FNF:4
FNH:0
FNDA:0,(anonymous_0)
FNDA:0,(anonymous_1)
FNDA:0,(anonymous_2)
FNDA:0,(anonymous_3)
DA:1,1
DA:2,1
DA:3,1
DA:5,1
DA:7,1
DA:10,0
DA:11,0
DA:12,0
DA:13,0
DA:14,0
DA:17,0
DA:19,0
DA:24,1
DA:27,0
DA:28,0
DA:29,0
DA:30,0
DA:31,0
DA:34,0
DA:36,0
DA:41,1
DA:43,1
LF:22
LH:8
BRDA:10,0,0,0
BRDA:13,1,0,0
BRDA:13,2,0,0
BRDA:13,2,1,0
BRDA:13,2,2,0
BRDA:27,3,0,0
BRDA:30,4,0,0
BRDA:30,5,0,0
BRDA:30,5,1,0
BRDA:30,5,2,0
BRF:10
BRH:0
end_of_record
TN:
SF:src/routes/product.ts
FN:13,(anonymous_0)
FN:20,(anonymous_1)
FN:31,(anonymous_2)
FNF:3
FNH:0
FNDA:0,(anonymous_0)
FNDA:0,(anonymous_1)
FNDA:0,(anonymous_2)
DA:1,1
DA:2,1
DA:3,1
DA:4,1
DA:6,1
DA:8,1
DA:14,0
DA:15,0
DA:17,0
DA:21,0
DA:22,0
DA:24,0
DA:25,0
DA:27,0
DA:32,0
DA:33,0
DA:35,0
DA:36,0
DA:38,0
DA:44,1
DA:51,1
DA:53,1
LF:22
LH:9
BRDA:14,0,0,0
BRDA:14,1,0,0
BRDA:14,1,1,0
BRDA:21,2,0,0
BRDA:21,2,1,0
BRDA:24,3,0,0
BRDA:24,4,0,0
BRDA:24,4,1,0
BRDA:24,4,2,0
BRDA:24,4,3,0
BRDA:32,5,0,0
BRDA:32,5,1,0
BRDA:35,6,0,0
BRDA:35,7,0,0
BRDA:35,7,1,0
BRDA:35,7,2,0
BRF:16
BRH:0
end_of_record
TN:
SF:src/types/mongoEntity.ts
FN:43,(anonymous_2)
FN:64,(anonymous_3)
FN:68,(anonymous_4)
FN:73,(anonymous_5)
FN:76,(anonymous_6)
FN:84,(anonymous_7)
FN:87,(anonymous_8)
FNF:7
FNH:7
FNDA:2,(anonymous_2)
FNDA:2,(anonymous_3)
FNDA:2,(anonymous_4)
FNDA:2,(anonymous_5)
FNDA:2,(anonymous_6)
FNDA:2,(anonymous_7)
FNDA:2,(anonymous_8)
DA:1,2
DA:3,2
DA:5,2
DA:8,2
DA:11,2
DA:13,2
DA:16,2
DA:19,2
DA:22,2
DA:25,2
DA:28,2
DA:30,2
DA:33,2
DA:39,2
DA:41,2
DA:43,2
DA:44,2
DA:47,2
DA:50,2
DA:53,2
DA:56,2
DA:63,2
DA:64,2
DA:66,2
DA:68,2
DA:69,2
DA:72,2
DA:73,2
DA:74,2
DA:76,2
DA:77,2
DA:80,2
DA:83,2
DA:84,2
DA:85,2
DA:87,2
DA:88,2
DA:91,2
DA:94,2
LF:39
LH:39
BRF:0
BRH:0
end_of_record
TN:
SF:test/handlers.ts
FN:4,(anonymous_8)
FN:4,(anonymous_9)
FN:10,(anonymous_10)
FN:10,(anonymous_11)
FN:14,(anonymous_12)
FN:14,(anonymous_13)
FNF:6
FNH:6
FNDA:3,(anonymous_8)
FNDA:3,(anonymous_9)
FNDA:3,(anonymous_10)
FNDA:3,(anonymous_11)
FNDA:3,(anonymous_12)
FNDA:3,(anonymous_13)
DA:1,1
DA:2,1
DA:4,3
DA:5,3
DA:6,3
DA:7,3
DA:10,3
DA:11,3
DA:14,3
DA:15,3
DA:16,3
DA:17,3
LF:12
LH:12
BRF:0
BRH:0
end_of_record
